1. 40
2. 80
3. 95
4. 10
5. 1
6. 10
7. 200
8. 20
9. 30
10. 20
11. 1476605
12. 1706195
13. 4186991
14. 2040263
15. 1079668
16. 1986889
17. 3859179
18. 2130656
19. 1874364
20. 275320
21. 4706377
22. 914943
23. 2907897
24. 2357155
25. 1731549
26. 1003112
27. 646764
28. 681867
29. 625171
30. 1073425
31. 425759
32. 3723448
33. 535536
34. 29162
35. 3293970
36. 813436
37. 456844
38. 123564
39. 1937831
40. 415996
41. 779301
42. 224147
43. 573620
44. 1998930
45. 1320026
46. 118936
47. 432928
48. 2054005
49. 1183714
50. 274338
51. 2906474
52. 610147
53. 288883
54. 369531
55. 762387
56. 790183
57. 208480
58. 222506
59. 1762629
60. 3097929
61. 1217486
62. 2692377
63. 726995
64. 1466255
65. 144784
66. 402827
67. 3086705
68. 1241860
69. 915091
70. 408694
71. 446201
72. 1672789
73. 4331768
74. 3976853
75. 3220261
76. 873390
77. 355884
78. 4122458
79. 307879
80. 1804907
81. 53188
82. 205525
83. 703707
84. 861694
85. 252804
86. 106048
87. 11064
88. 1198301
89. 527261
90. 75874
91. 640404
92. 546795
93. 2421225
94. 7474
95. 538701
96. 264368
97. 2678582
98. 3306548
99. 2958976
100. 2708039
101. 304306
102. 7816
103. 2419290
104. 708408
105. 50039
106. 1149897
107. 4253330
108. 1369822
109. 4502180
110. 1297968
111. 24966539
112. 49833204
113. 99673875
114. 124610373
