1. 3
2. Impossible
3. 2
4. Impossible
5. 2
6. 3
7. 1001
8. Impossible
9. 1001
10. 1001
11. 1001
12. 1001
13. Impossible
14. 11
15. 12
16. Impossible
17. 6
18. Impossible
19. 2
20. 2
21. 460
22. 72
23. 130
24. 487
25. 444
26. 282
27. 217
28. 76
29. 41
30. 417
31. 101
32. 123
33. 39
34. 215
35. 161
36. 174
37. 249
38. 60
39. 22
40. 361
41. 481
42. 491
43. 447
44. 178
45. 210
46. 43
47. 266
48. 201
49. 102
50. 255
51. 117
52. 49
53. 343
54. 77
55. 433
56. 37
57. 277
58. 274
59. 474
60. 492
61. 348
62. 417
63. 32
64. 119
65. 97
66. 494
67. 418
68. 339
69. 293
70. 95
71. 264
72. 214
73. 410
74. 235
75. 221
76. 402
77. 118
78. 459
79. 265
80. 302
81. 252
82. 492
83. 90
84. 479
85. 372
86. 59
87. 409
88. 297
89. 476
90. 205
91. 123
92. 277
93. 325
94. 254
95. 385
96. 191
97. 7
98. 70
99. 370
100. 441
101. 266
102. 421
103. 205
104. 264
105. 275
106. 448
107. 28
108. 322
109. 239
110. 146
111. 2
112. 121
113. 487
114. 466
115. 21
116. 254
117. 12
118. 73
119. 499
120. 152
