1. 10
2. 1 15
3. 1 1 15
4. 3
5. 1 21 28
6. 21 28
7. 3 45
8. 10 990
9. 990
10. 1 3 15
11. 285390 714610
12. 1719585 8280415
13. 49000050 50999950
14. 1103355
15. 7014385
16. 1133265
17. 27919128
18. 12472515
19. 28656235
20. 6630261
21. 86205015
22. 20291635
23. 1533876
24. 9779253
25. 7498128
26. 5305653
27. 31098441
28. 57947995
29. 13747146
30. 59399550
31. 35074500
32. 1836486
33. 75466755
34. 6791455
35. 40306731
36. 11080278
37. 1014600
38. 27949026
39. 135460
40. 32574556
41. 85680595
42. 2734291
43. 41091645
44. 13637253
45. 562330
46. 61721605
47. 62311866
48. 20253430
49. 61377660
50. 93920365
51. 25450545
52. 24545521
53. 76601253
54. 32995626
55. 50035006
56. 12627825
57. 98511666
58. 3918600
59. 7259955
60. 1208235
61. 34142716
62. 88199121
63. 49885066
64. 6 28
65. 6 351
66. 36 91
67. 10 435
68. 45 351
69. 78 105
70. 210 325
71. 15 946
72. 28 91
73. 78 741
74. 820 8646
75. 66 3240
76. 10 2850
77. 6 6555
78. 210 3240
79. 1081 3916
80. 21 2145
81. 45 5253
82. 2080 2485
83. 190 7750
84. 9463425 85118628
85. 13041 51030253
86. 18565371 76168653
87. 3560446 13852216
88. 46056 7149871
89. 7066920 34573770
90. 390286 24426555
91. 436645 87827631
92. 5846490 49765276
93. 8893653 17172730
94. 5592840 78945895
95. 7218100 82016028
96. 4258821 23048655
97. 2057406 15138753
98. 22578 86415231
99. 3649051 66660831
100. 22028203 24897096
101. 695610 5849910
102. 5825991 53846253
103. 4884375 53256360
104. 35242210 36975700
105. 5469778 76638390
106. 2760075 26568405
107. 16471 49995000
108. 7195321 7990003
109. 522753 23953581
110. 88831 5010195
111. 31375 74401701
112. 1264845 20221620
113. 4005 20791576
114. 1 10 105
115. 3 120 435
116. 3 28 703
117. 10 78 91
118. 1 351 378
119. 1 10 946
120. 6 91 595
121. 3 253 325
122. 3 231 703
123. 6 21 666
124. 1 3 4656
125. 6 91 1540
126. 1 3570 3655
127. 1 78 3570
128. 3 105 9045
129. 10 91 2346
130. 1 1081 2556
131. 21 496 1711
132. 6 1378 3916
133. 6 153 8001
134. 3 344865 10883445
135. 1 6932226 30314791
136. 1 11221953 26648650
137. 6 36585 16834503
138. 3 1247410 37130653
139. 3 7260 1271215
140. 1 106491 99553105
141. 10 25614903 49168486
142. 36 49141 5483016
143. 1 1880830 64235445
144. 1 1624503 51425011
145. 3 752151 42619528
146. 28 112575 42425866
147. 3 4865640 51943528
148. 10 1275 32405275
149. 3 4984903 27889246
150. 10 501501 76923406
151. 3 1512930 76180996
152. 21 8778 7051890
153. 21 998991 79184820
154. 55 14750596 65179653
155. 1 1357128 2405721
156. 15 214840 8452216
157. 1 75855 49715406
158. 1 845650 91984266
159. 6 8999403 18455850
160. 1 432915 7048135
161. 3 1755001 55730403
162. 3 1542646 14588101
163. 6 6965778 8755020
