1 3

All Clear

2 2

All Clear

900 2

All Clear

1 2
2 2
3 2
4 4
5 3
6 2
7 3
8 2
9 2
10 3
11 3
12 2
13 2
14 2
16 2
17 3
18 2
19 3
20 2
21 2
22 4
23 3
24 2
25 2
26 3
27 3
28 3
29 2
30 3
31 2
32 2
33 3
34 3
36 2
37 3
38 2
39 4
40 2
41 3
42 2
43 2
44 2
45 3
46 2
47 2
48 2
50 3
51 2
52 3
53 2
54 4
55 2
56 2
57 3
58 4
59 3
60 3
61 2
62 2
63 3
64 3
65 2
67 3
68 2
69 2
70 2
71 2
72 2
73 2
74 2
75 2
76 2
77 2
78 3
79 2
80 3
81 2
82 2
83 2
85 4
86 2
87 2
88 2
89 3
90 2
91 2
92 3
93 3
94 2
95 2
96 2
97 2
98 4
99 3
100 2

9 2
13 2
15 2
24 2
25 2
27 2
32 2
34 2
35 2
36 2
39 2
47 2
48 2
56 2
58 3
67 2
70 2
75 2
76 2
84 2
86 2
89 2
90 2
95 2
100 2

2 2
16 2
24 2
29 2
54 2
57 2
96 2
97 2

1 5
2 3
4 2
5 3
6 3
7 3
8 2
9 3
10 2
11 2
12 3
13 3
14 3
15 2
16 3
17 2
18 2
19 3
20 3
21 3
22 3
23 4
24 2
25 2
26 3
27 2
28 2
29 2
30 2
31 2
33 4
34 2
35 4
37 4
38 2
39 2
40 2
41 2
42 3
43 3
44 2
45 2
46 3
48 3
49 4
50 3
51 2
52 3
53 2
54 2
55 2
56 3
57 2
58 3
59 3
60 4
61 2
62 2
63 2
64 2
65 2
66 3
67 3
68 3
69 3
70 2
71 2
72 3
73 2
75 2
76 4
77 4
78 2
79 2
80 4
82 2
83 2
84 3
85 2
86 2
87 3
88 2
89 2
90 2
91 3
92 3
93 2
94 3
95 3
96 3
97 4
98 3
99 2
100 2

4 2
6 2
7 2
9 2
12 2
13 2
14 2
19 3
24 2
25 2
27 2
28 2
29 3
30 2
34 2
35 2
37 2
39 3
40 2
42 3
44 2
46 2
48 2
49 2
51 2
53 2
58 2
59 3
61 2
64 2
65 2
66 2
67 3
68 3
69 2
72 2
75 2
77 2
79 2
81 2
82 2
83 3
86 2
90 2
92 2
93 2
94 2
95 3
96 3
99 2
100 2

3 2
4 2
8 2
11 2
12 2
14 2
15 2
16 3
17 2
18 2
19 2
20 2
22 2
23 2
25 2
26 2
27 2
28 2
31 3
33 3
35 2
36 2
39 2
40 4
41 2
45 2
49 2
50 2
51 2
52 2
53 3
54 2
55 2
57 2
62 2
65 2
66 2
68 2
69 2
72 2
78 2
81 2
82 2
83 2
85 3
87 2
88 2
89 3
91 2
92 2
94 3
95 2
97 2
100 2

1 4
2 2
3 3
4 2
6 2
7 2
8 2
10 3
11 2
12 2
13 2
15 2
17 2
18 2
19 2
20 2
21 2
22 2
23 2
24 2
25 2
27 3
28 3
30 2
31 2
32 2
33 2
34 2
35 2
36 2
37 3
38 3
39 3
40 3
42 2
43 3
44 2
45 2
46 2
47 3
48 2
49 2
50 3
51 3
52 3
55 2
56 3
57 2
58 2
60 2
61 2
62 2
63 2
64 3
65 4
66 2
67 2
68 2
69 3
70 2
71 3
72 2
73 2
74 2
75 3
76 2
78 2
79 4
80 5
81 3
83 2
84 4
85 3
87 2
89 2
91 2
92 3
94 3
95 2
98 2
99 3
100 2

20 2
32 2
58 2

2 3
5 2
6 2
7 2
8 2
9 3
10 2
11 2
12 3
14 2
16 2
19 2
20 2
21 2
23 2
28 2
30 2
31 2
34 2
35 3
36 2
40 2
43 2
46 2
49 2
51 2
52 3
53 2
54 2
55 2
56 2
57 3
58 2
62 3
63 2
64 2
65 2
66 2
68 2
69 2
70 4
72 2
73 2
76 2
77 2
78 3
79 2
80 2
82 2
84 2
85 2
88 2
89 2
96 2

1 3
2 2
4 3
5 2
6 2
7 2
8 4
9 2
10 2
11 3
12 2
14 2
16 3
17 2
18 2
20 2
21 2
23 2
24 2
25 2
27 2
29 2
30 2
31 2
32 2
33 2
34 2
35 2
37 2
38 3
41 2
44 3
45 2
46 2
49 3
50 3
52 3
53 3
54 2
56 2
57 2
58 2
59 2
60 2
62 2
65 2
66 2
67 4
68 2
69 3
71 2
72 4
73 4
75 5
76 2
77 2
78 2
79 3
81 2
82 2
83 2
84 2
85 3
87 2
88 3
90 2
91 2
92 2
93 2
94 4
96 2
97 3
98 2
99 2
100 3

4 2
5 2
6 2
7 2
8 2
13 2
16 2
17 2
19 2
21 2
32 2
35 2
42 2
46 2
47 2
51 3
57 2
58 2
60 3
61 2
70 2
71 2
72 2
73 2
76 2
80 2
83 2
88 2
93 2
94 3
95 3
97 2

4 2
8 2
9 2
13 3
15 2
16 2
20 2
24 2
26 2
30 2
37 2
45 2
53 2
55 2
63 2
67 2
75 2
77 2
79 2
82 3
87 2
88 2
89 2
93 2
97 2

1 2
2 2
3 2
4 3
5 3
6 3
7 2
8 3
9 2
10 2
11 2
12 3
13 2
14 2
15 2
16 2
17 4
18 2
19 2
20 3
21 2
22 2
23 3
24 2
25 3
26 2
27 3
28 3
30 3
31 2
32 2
33 3
34 2
35 2
36 2
37 2
38 4
39 3
40 2
41 2
42 3
43 2
44 2
45 2
46 3
47 5
48 2
49 3
50 3
51 2
52 3
53 2
54 3
55 4
56 3
57 2
58 2
59 4
60 2
61 4
62 2
63 3
64 4
65 3
66 2
67 3
68 2
69 2
70 3
71 2
72 2
73 3
74 3
76 3
77 4
78 2
79 2
80 2
81 2
82 2
83 2
84 3
85 2
86 3
87 3
89 2
90 3
91 4
92 2
93 2
94 2
95 3
96 2
97 2
98 3
99 2
100 2

1 2
2 2
5 2
6 2
13 2
14 2
16 2
17 2
19 2
27 2
28 2
30 2
37 2
39 2
44 3
46 2
47 2
48 2
50 2
51 2
53 3
54 2
55 3
60 2
62 2
63 2
65 2
66 2
67 2
73 2
77 2
79 2
81 2
82 2
83 2
85 2
86 3
89 2
91 2
98 2
99 2
100 2

1 2
2 2
4 3
5 2
7 2
9 3
10 3
11 3
13 3
14 2
15 4
16 3
17 3
18 3
19 2
23 2
24 2
25 5
27 2
28 2
29 2
30 2
31 2
32 2
33 2
34 2
35 2
36 2
38 2
39 3
40 2
41 3
42 2
43 2
44 2
45 2
48 2
49 2
50 2
51 3
53 3
55 2
56 2
57 2
59 4
61 2
62 2
64 2
65 2
66 2
67 2
68 3
69 2
70 3
72 3
73 4
74 2
75 2
76 2
77 2
79 2
80 2
81 2
82 2
83 3
84 2
85 2
86 3
87 2
88 2
89 2
90 2
91 2
92 4
93 3
95 2
97 2
98 2
99 3
100 2

1 2
2 2
4 2
5 2
6 2
7 2
8 2
9 3
10 4
12 2
13 4
14 2
15 3
16 2
17 3
18 2
19 3
20 3
21 2
22 3
23 2
24 2
25 2
26 2
27 2
28 2
30 2
31 2
32 3
33 3
34 2
35 2
36 2
37 2
38 2
40 3
41 3
42 2
43 3
44 2
45 3
46 2
47 2
48 2
49 3
50 2
51 2
52 3
53 3
54 2
55 2
56 3
57 2
58 2
59 2
60 3
61 3
62 2
64 2
65 2
67 2
68 2
69 3
71 2
72 3
73 2
74 2
75 4
76 2
77 3
78 3
79 2
80 2
81 4
82 3
83 2
84 3
85 2
86 2
87 3
88 3
89 2
90 2
91 2
92 3
93 2
94 2
95 2
96 2
97 3
98 3
100 2

1 2
2 2
3 2
4 2
5 2
6 3
7 2
8 2
9 2
10 2
11 2
12 2
13 3
15 2
17 2
18 2
19 2
20 2
21 3
22 2
23 2
24 3
25 3
26 2
27 2
28 3
29 2
30 2
31 4
32 2
33 2
34 2
35 2
36 4
37 3
39 4
40 3
41 2
42 2
44 3
45 4
46 2
47 2
48 3
49 3
50 2
51 2
52 3
53 3
54 3
55 2
56 2
57 3
58 2
59 2
60 2
62 2
63 3
64 3
65 2
66 2
67 3
68 2
70 3
71 2
72 3
73 2
74 2
75 4
76 2
77 3
78 2
79 4
80 2
81 3
82 2
83 2
84 2
86 5
88 5
89 2
90 2
91 2
92 3
93 2
94 2
95 2
96 2
97 2
98 3
99 3
100 2

3 3
4 2
6 4
7 2
11 2
13 2
14 2
15 2
16 2
17 3
18 2
19 2
20 2
22 2
23 2
24 2
25 2
26 2
27 2
28 3
30 3
32 2
33 2
35 2
36 2
37 2
42 2
43 3
45 2
49 3
50 3
53 2
54 2
55 3
56 2
58 2
60 2
61 3
62 2
64 2
65 2
67 2
69 2
71 2
73 2
74 2
75 2
76 2
79 2
81 2
82 2
84 2
85 3
86 2
88 2
89 2
91 2
93 2
95 2
97 3
99 2

All Clear

1 2
2 2
3 2
4 2
5 2
6 2
8 3
9 2
10 2
11 2
12 2
13 2
15 2
16 3
17 2
18 3
21 2
22 3
23 2
24 3
25 3
28 2
29 2
30 2
31 2
32 2
33 3
35 2
36 3
37 2
38 3
39 2
40 2
41 2
42 2
43 3
44 2
47 2
48 3
49 2
52 2
53 4
54 2
55 3
56 2
57 2
58 2
60 2
61 2
62 2
63 2
65 3
66 2
67 2
68 3
71 2
72 2
73 2
75 3
76 2
77 2
78 2
79 3
80 2
82 3
83 2
84 2
85 2
86 2
87 2
88 2
89 2
90 4
91 2
93 3
94 2
95 2
98 2
99 3
100 2

4 2
19 2
21 2
25 2
34 2
48 2
50 2
54 2
75 2
76 2
78 2
82 3
85 2
94 2

2 2
7 2
16 2
18 2
22 2
24 2
27 2
41 2
45 2
47 2
48 2
51 2
52 2
60 2
61 2
66 2
68 2
71 2
73 2
74 2
76 2
78 2
79 2
81 2
82 2
86 2
94 2
95 2
98 2
100 2

1 2
2 2
3 2
4 2
5 2
6 3
7 3
8 3
10 3
11 2
12 2
13 2
14 2
15 2
16 3
17 2
18 3
19 2
20 3
21 2
22 2
23 3
24 3
25 2
26 3
27 3
28 4
30 2
31 2
32 2
33 2
34 2
35 3
36 2
37 3
38 3
39 3
40 3
41 2
42 4
43 2
44 2
45 2
46 3
47 4
48 3
49 3
50 2
51 2
52 3
53 2
54 2
55 2
56 2
57 3
58 3
59 2
60 2
61 3
62 2
63 2
64 2
65 2
66 2
67 2
68 2
69 2
70 2
71 3
72 2
73 2
74 3
75 3
76 3
77 2
78 2
79 3
80 3
81 3
82 3
83 4
84 3
85 2
86 2
87 3
88 3
89 5
90 2
91 5
92 2
93 3
94 2
95 3
96 2
99 3
100 3

1 2
2 3
3 2
4 2
5 2
6 2
10 2
11 3
12 3
14 2
15 2
16 2
17 2
18 2
19 3
20 2
23 2
24 4
25 3
26 3
27 3
28 4
29 2
30 2
31 2
32 2
33 2
34 2
35 2
36 3
37 3
38 2
39 3
40 2
41 2
42 2
43 2
44 3
45 4
46 2
48 2
51 2
52 3
53 3
54 2
57 2
58 2
59 3
60 2
61 2
62 2
64 2
65 2
66 3
67 2
69 2
71 2
72 2
73 2
74 2
75 2
76 2
77 3
78 2
79 2
80 2
81 2
82 2
83 3
84 2
85 2
86 2
87 2
89 2
90 3
91 2
92 2
94 4
97 2
98 2
99 2

17 2
24 2
49 2
76 2
77 2

1 2
2 3
3 2
4 2
5 2
6 2
7 2
8 2
11 2
12 2
13 2
14 2
16 2
19 3
20 2
21 2
22 2
23 2
24 2
28 2
29 2
30 2
32 2
33 2
34 2
36 2
37 2
39 2
41 3
43 2
44 2
45 4
46 2
48 3
50 2
51 2
55 2
56 2
57 2
58 2
59 2
60 2
61 3
62 2
63 3
65 2
66 2
70 3
72 3
76 2
80 2
81 2
86 2
87 2
90 2
93 2
94 2
97 2
98 2
100 2

1 2
2 2
5 2
6 2
7 2
8 2
10 2
11 2
12 2
13 2
15 2
17 2
18 2
19 3
22 2
23 2
24 2
26 2
27 2
28 2
30 2
31 2
32 2
33 2
37 2
38 3
39 2
40 2
41 2
42 3
46 2
47 3
48 3
49 2
50 2
53 2
54 2
55 2
56 3
62 2
63 2
64 2
65 2
67 3
68 2
70 2
71 3
72 2
75 2
77 3
78 2
79 2
81 2
83 3
84 3
85 3
88 2
89 3
91 3
92 2
93 2
94 3
95 4
96 2
97 2
98 2

1 2
2 3
3 2
4 2
5 3
9 3
10 2
11 2
13 2
14 2
15 2
17 2
21 2
23 2
24 2
25 4
27 2
30 2
31 2
32 2
33 2
34 2
38 2
39 3
40 2
42 3
43 3
44 2
47 2
50 2
52 2
54 3
58 2
60 3
61 3
65 2
67 3
69 2
70 2
72 2
74 3
75 2
76 3
78 2
79 2
82 2
83 2
84 2
85 3
86 3
88 2
89 2
92 3
93 2
94 2
95 2
97 2
98 2
100 2

1 3
2 2
3 2
4 3
5 2
6 2
7 2
8 2
9 2
10 2
11 2
12 3
13 4
14 2
15 2
16 4
17 4
19 2
20 3
21 2
22 4
23 2
24 2
25 3
26 3
27 2
28 4
29 2
30 3
33 2
34 3
35 3
36 3
37 4
38 3
39 2
40 3
41 3
42 3
43 3
44 2
45 2
46 4
47 3
48 2
49 2
50 2
51 2
52 2
53 2
54 2
55 3
56 2
57 2
58 2
59 2
60 2
61 3
62 2
63 2
65 3
66 3
67 2
69 3
70 2
71 2
72 3
73 3
74 2
75 3
76 3
77 4
78 2
79 3
80 2
81 2
82 4
83 3
84 3
85 4
86 2
87 3
88 2
89 3
90 4
91 2
93 3
94 3
95 2
96 2
97 2
98 2
99 2
100 2

4 2
6 2
7 2
8 2
10 2
12 2
15 2
16 2
21 2
22 2
23 2
25 2
27 2
30 2
31 2
32 3
33 2
34 2
35 3
37 2
39 2
40 2
42 2
43 3
44 2
45 2
46 2
50 2
52 2
53 2
55 2
56 2
58 2
59 2
62 2
65 2
67 2
68 2
69 2
71 2
75 3
76 2
77 2
78 2
79 2
81 2
82 2
83 2
87 2
89 2
95 2
98 2

1 2
2 3
3 3
4 2
7 2
8 2
9 2
10 2
11 3
12 2
13 2
14 3
15 3
17 2
18 3
19 3
20 2
21 2
23 3
24 3
25 3
26 3
27 3
28 2
29 2
31 2
32 2
33 2
34 2
35 2
36 4
37 2
38 2
39 2
40 3
41 3
42 3
43 2
44 2
45 2
46 2
47 3
48 3
49 2
50 2
51 2
52 2
53 2
54 2
55 2
56 2
57 2
59 2
60 2
61 2
62 3
63 3
64 3
65 2
66 3
67 2
68 3
69 3
70 2
72 2
73 2
74 3
75 2
76 3
77 3
78 4
79 2
80 2
81 3
82 2
83 2
84 2
85 3
88 2
89 4
90 2
91 3
92 2
93 3
94 2
95 3
96 2
97 4
98 2
100 3

2 2
5 3
6 3
7 2
8 2
10 2
11 2
13 2
15 2
16 4
17 2
20 2
21 3
23 2
24 2
25 2
29 2
30 2
31 3
34 2
37 2
38 2
40 5
41 2
42 2
44 2
45 2
46 2
48 2
49 2
50 2
51 2
53 2
54 2
56 3
58 2
61 3
63 2
67 2
68 2
69 2
70 2
71 3
72 2
73 2
74 2
76 2
77 2
79 3
80 2
83 2
84 2
85 2
86 3
87 3
90 2
91 3
92 2
93 2
94 2
97 2
98 2
99 2
100 2

2 2
6 2
8 2
12 2
19 2
23 4
32 2
34 2
40 2
44 2
52 2
55 2
64 2
71 2
77 2
79 2
83 2
84 2
85 2
90 2
95 2

1 3
2 3
3 2
4 3
5 2
7 3
8 2
9 2
10 3
11 2
12 2
14 3
15 3
16 3
17 3
18 2
19 2
20 2
22 2
23 2
24 2
25 4
26 2
28 2
29 2
30 3
31 3
33 2
34 3
36 2
37 3
38 2
39 3
40 3
41 6
42 2
43 2
44 3
46 3
47 3
48 4
49 2
50 2
51 3
52 2
53 3
54 3
55 2
56 3
57 4
58 4
60 2
61 2
62 2
63 3
64 2
65 3
66 3
67 2
68 2
69 2
70 2
72 2
73 2
74 3
75 3
76 3
77 2
78 2
79 2
80 3
81 2
82 4
84 3
85 2
86 3
87 2
88 3
89 3
90 2
91 3
92 2
93 2
95 2
96 3
97 2
98 2
99 2
100 2

1 2
2 4
3 3
4 2
5 3
6 2
7 2
8 2
9 2
10 2
11 2
12 2
13 2
14 3
15 3
16 3
17 2
18 2
19 2
20 2
22 2
24 3
25 2
26 2
27 4
28 3
29 4
30 3
31 4
32 2
33 3
34 4
35 2
36 2
37 4
38 2
39 2
40 2
41 3
42 4
43 2
44 2
45 4
46 2
48 2
50 2
51 2
52 4
53 4
54 3
55 2
56 3
57 3
58 3
59 3
60 3
61 3
62 4
64 3
65 3
66 2
67 3
69 3
70 3
71 2
72 2
73 3
74 2
75 2
76 2
77 2
78 3
79 2
80 2
81 2
82 2
83 4
84 2
85 2
86 2
87 2
88 2
89 3
90 3
91 3
92 3
93 3
94 3
95 2
96 2
97 3
98 2
99 2
100 3

1 2
2 2
4 2
5 3
6 2
7 4
8 2
9 2
10 3
11 2
13 2
14 2
15 3
17 2
18 2
20 3
22 2
24 2
25 3
27 2
29 2
30 2
32 2
33 2
34 2
35 3
36 5
37 2
40 3
41 2
43 2
44 2
46 2
47 2
48 2
49 2
50 3
51 2
53 2
54 2
56 2
57 2
58 2
59 4
60 2
61 3
62 3
63 2
64 2
65 2
66 3
67 2
68 2
72 2
73 3
74 3
75 3
76 2
77 2
78 2
80 2
81 2
82 2
83 2
84 2
85 3
86 2
87 4
89 2
90 2
91 2
93 2
94 2
96 2
97 3
99 2
100 2

2 2
4 2
15 2
16 2
18 3
21 2
26 2
28 3
29 2
34 2
37 3
38 2
40 2
44 3
47 2
48 2
50 3
57 2
68 2
73 2
74 3
75 2
83 2
84 2
86 2
91 2
93 2
100 2

1 2
3 2
5 3
6 2
8 2
10 3
11 2
14 2
17 4
19 2
20 2
21 2
22 2
24 2
25 2
26 2
27 2
28 2
29 2
30 3
31 4
32 2
33 2
34 2
35 2
36 3
37 2
38 2
39 2
40 2
41 2
42 2
43 2
46 2
47 2
49 3
50 2
54 2
57 2
58 2
63 2
65 2
66 3
68 2
69 2
70 2
72 2
73 2
74 2
75 2
76 2
77 2
78 2
79 2
80 2
81 3
84 3
85 2
86 2
88 3
89 2
90 2
91 2
92 2
93 2
94 2
95 2
96 2
98 2
99 2

1 3
2 5
3 3
4 3
5 2
6 3
7 2
8 2
9 3
10 2
11 2
12 3
14 2
15 2
16 2
17 3
18 2
19 3
20 2
21 3
22 3
23 2
24 2
25 2
26 3
27 2
28 2
29 2
31 4
32 3
33 2
34 2
35 2
36 2
37 3
38 3
39 2
40 2
41 2
42 3
43 2
44 2
47 2
48 2
49 4
50 2
51 2
53 4
54 2
55 2
56 2
57 2
58 3
59 3
60 2
61 2
62 3
63 2
64 3
65 2
66 3
67 3
68 2
69 3
70 2
71 3
73 2
74 2
75 2
76 3
77 2
78 2
79 4
80 3
81 2
82 3
83 3
85 2
86 2
87 2
88 2
89 3
90 2
91 2
92 2
93 2
94 2
95 4
96 3
97 2
98 3
99 2
100 2

1 3
3 2
4 3
5 4
6 4
7 2
8 2
9 2
10 4
11 3
12 2
15 2
16 2
17 2
19 2
20 2
21 2
22 2
23 2
24 2
25 3
26 2
27 2
28 2
29 3
30 2
31 3
32 2
33 3
35 2
36 2
37 4
38 3
39 4
40 2
42 2
43 2
44 3
45 2
46 2
47 2
48 3
49 3
50 2
52 2
53 2
54 2
55 2
56 2
57 2
59 2
60 3
61 3
62 2
63 2
64 3
65 2
67 2
69 2
70 3
71 2
72 2
74 3
75 4
76 2
77 2
78 2
80 3
81 2
82 3
84 3
85 2
86 3
88 2
89 6
91 2
92 3
93 2
94 2
95 3
96 2
97 2
98 2
99 2
100 2

1 2
7 2
14 2
18 2
24 2
29 2
33 2
37 2
40 2
48 2
51 3
52 2
55 3
56 2
62 2
63 2
65 2
68 2
74 2
76 3
84 2
86 2
87 2
88 2
91 2
93 2
97 2
98 3

1 3
2 3
3 2
4 2
5 2
6 2
7 4
8 3
9 3
11 3
12 2
13 2
14 3
15 4
16 4
17 2
18 3
19 3
20 4
21 4
22 4
23 2
24 3
25 3
26 4
27 3
28 3
29 3
30 2
31 2
32 2
33 3
34 3
35 3
36 2
37 3
38 2
39 3
40 3
42 3
43 2
44 4
45 2
46 2
47 3
48 2
50 3
51 4
52 2
53 3
54 4
55 2
56 2
57 3
58 2
59 3
60 2
61 2
62 3
63 3
64 2
65 2
66 2
67 4
68 3
69 2
70 4
71 3
73 3
74 2
75 2
76 2
77 2
78 2
79 3
80 3
81 2
82 2
83 3
84 3
85 2
86 5
87 2
88 3
89 3
90 2
91 2
92 4
93 4
94 2
95 2
96 3
97 2
98 2
99 3
100 2

1 2
2 3
4 2
8 2
9 3
10 2
11 2
13 2
14 3
15 3
16 2
17 2
18 2
19 3
20 2
21 2
22 2
23 2
24 2
25 2
26 2
28 2
29 2
30 3
31 3
32 2
33 2
34 3
35 3
36 3
37 2
38 2
39 2
40 2
41 4
43 4
44 2
45 2
47 2
48 2
49 3
51 3
52 2
53 2
54 2
55 2
56 2
57 2
58 2
60 2
63 2
64 2
66 2
67 2
68 4
69 2
70 2
71 2
72 2
73 2
76 3
77 3
78 3
80 2
81 2
83 3
84 2
85 2
86 2
89 3
90 2
92 4
93 3
96 2
98 2
99 2
100 2

1 3
2 3
3 3
4 2
7 2
8 2
9 2
10 2
11 3
12 3
13 2
14 2
16 3
17 2
18 2
19 3
21 2
22 4
23 3
25 3
27 2
28 2
29 3
30 3
31 2
32 4
33 2
34 2
35 2
38 2
39 2
40 3
41 2
42 4
43 2
44 2
45 2
46 2
47 2
48 3
49 2
50 3
51 2
52 4
53 2
54 3
55 2
56 2
57 2
58 2
59 3
60 2
61 2
62 2
63 3
64 3
66 2
67 2
68 2
69 3
70 3
71 2
72 3
73 2
74 2
75 2
76 2
77 3
78 2
79 3
80 2
81 2
82 4
83 2
84 3
85 2
87 2
88 6
90 2
91 3
92 2
93 2
95 2
96 2
97 2
98 3
99 2
100 5

1 2
2 4
4 3
7 2
8 2
9 2
10 3
11 2
12 3
13 3
14 3
15 3
16 3
17 2
18 2
19 2
20 2
21 2
23 2
24 3
25 3
26 4
27 3
28 2
29 2
30 2
31 3
32 4
34 2
35 2
36 2
38 3
39 4
40 2
42 2
43 3
44 2
45 2
46 3
47 2
48 3
49 3
50 2
51 3
52 4
53 3
54 3
55 2
56 2
57 3
58 3
59 3
60 2
61 3
62 3
63 2
64 3
65 3
66 3
67 2
68 2
69 3
70 3
71 3
72 3
74 4
75 5
76 2
77 3
78 3
79 3
80 2
81 2
82 2
84 2
85 5
86 2
87 2
88 2
89 2
90 2
91 3
92 2
93 3
94 3
95 3
96 3
97 3
98 3
99 2
100 3

All Clear

1 2
2 2
3 2
4 2
5 2
6 2
7 2
8 2
9 2
12 4
15 3
16 2
17 2
18 2
19 2
20 3
21 2
22 3
24 2
25 2
26 3
27 2
28 3
29 2
30 3
31 3
32 2
33 2
35 2
36 3
37 2
38 3
39 2
40 2
41 2
42 2
43 2
44 2
46 3
47 2
48 2
49 2
51 2
52 2
53 2
54 2
55 2
56 3
58 2
59 2
60 2
61 2
62 2
64 2
65 2
66 3
67 3
68 2
73 3
74 3
75 2
76 2
77 2
78 3
79 3
81 2
82 4
83 2
84 2
88 2
89 3
90 2
91 3
92 2
93 2
94 2
95 2
96 2
97 2
98 2
100 4

1 3
6 2
71 2
80 2
83 2

1 2
2 2
3 2
4 3
5 2
6 2
7 3
8 2
9 2
10 2
11 2
12 3
13 3
14 2
15 2
16 3
17 3
19 2
20 3
21 2
22 2
23 2
24 2
25 2
26 2
27 2
28 2
29 3
30 2
31 2
32 2
33 2
37 2
38 2
40 2
41 3
42 2
44 2
45 2
46 2
48 2
50 2
51 4
53 2
54 2
56 3
58 2
59 3
62 3
63 3
64 4
65 2
66 2
68 3
69 2
70 5
71 2
72 2
73 3
74 2
75 2
76 4
77 2
78 3
79 2
81 2
84 3
85 2
86 2
87 2
88 2
91 2
92 2
94 2
95 2
96 3
97 2
98 2
99 2
100 2

7 2
48 2
51 2
66 2
92 2

1 2
2 2
3 3
4 2
5 3
6 2
7 3
8 3
9 3
10 2
11 3
12 3
13 3
14 3
15 2
16 2
17 2
18 3
20 2
21 2
22 3
23 3
24 2
25 4
27 4
28 3
29 2
30 3
31 3
32 2
33 2
34 2
35 2
36 3
37 3
38 2
39 4
40 2
41 3
42 4
43 3
44 2
45 2
46 3
47 4
49 2
50 3
51 3
53 2
55 3
56 3
57 2
58 2
59 3
60 4
61 2
62 2
63 2
65 2
67 3
68 2
69 2
70 2
71 3
72 3
73 3
74 3
75 2
76 3
77 2
78 2
79 2
80 3
81 2
82 3
83 4
84 3
85 2
86 2
87 2
88 3
89 2
90 2
91 2
92 2
93 2
94 2
95 3
96 4
97 2
98 3
99 3
100 3

1 2
2 2
3 2
5 2
6 2
7 3
8 2
10 2
11 2
12 3
13 2
14 2
15 2
16 2
18 2
19 2
20 3
21 3
22 2
23 2
25 2
26 2
27 2
28 3
29 3
31 4
32 2
33 2
34 2
35 3
36 3
37 2
38 2
40 2
41 2
42 2
43 3
44 2
45 2
46 2
48 2
49 2
51 2
52 3
54 2
55 2
56 3
57 4
58 2
59 2
60 3
61 2
62 2
63 2
64 3
65 2
66 2
67 2
68 3
69 2
70 3
71 2
72 3
74 3
75 2
76 3
79 2
81 2
82 2
83 3
85 3
86 2
87 2
88 2
89 3
91 3
92 2
93 2
94 3
95 2
96 2
97 3
98 2
99 2

All Clear

1 2
2 3
3 2
8 2
12 2
14 2
15 2
19 2
27 2
30 2
34 2
38 3
40 2
42 2
45 3
51 3
54 2
55 2
62 2
65 2
66 2
68 2
70 2
71 2
72 2
73 2
74 2
77 2
79 2
84 2
89 2
91 2
92 2
97 2

1 3
3 2
4 3
5 2
6 2
7 2
8 2
9 3
10 2
11 3
12 2
13 2
14 3
15 2
16 2
17 2
19 2
20 2
22 3
23 2
24 3
25 2
26 2
28 3
29 5
30 2
31 3
32 3
33 2
34 2
36 2
37 3
38 2
39 3
40 3
41 2
42 2
43 2
44 3
45 2
46 2
47 2
48 2
49 2
50 4
51 3
52 2
53 3
54 2
55 2
56 2
57 3
58 2
62 2
64 3
65 3
66 2
67 2
68 3
69 3
70 2
71 2
72 2
74 2
75 2
76 3
77 2
78 3
80 3
81 3
82 2
83 2
84 4
85 4
86 2
87 3
88 3
89 2
90 2
91 2
92 2
93 2
94 2
95 2
96 2
97 2
98 3
99 2
100 2

1 2
2 2
3 2
4 2
5 2
6 3
7 2
8 2
9 2
11 2
12 2
14 3
15 4
16 2
17 3
18 2
20 2
23 2
24 2
25 2
26 2
27 2
28 3
29 2
30 4
31 4
32 3
33 2
34 2
35 3
37 4
39 2
40 3
41 2
43 2
44 4
46 2
47 3
49 3
50 2
51 2
52 4
53 2
54 2
55 2
56 3
58 3
59 3
60 2
61 2
62 2
63 3
64 3
65 2
66 2
67 2
69 2
70 2
71 3
72 3
73 2
75 2
76 2
77 2
78 3
80 2
81 2
82 2
83 3
84 4
85 3
86 2
87 3
88 3
89 2
90 3
93 4
94 4
95 2
96 2
97 2
98 2
99 2
100 2

4 2
10 2
11 2
12 2
13 2
15 2
16 2
18 2
23 2
25 2
26 2
27 3
28 3
29 3
30 2
33 2
34 2
35 2
37 2
40 3
42 2
43 2
45 3
46 2
47 2
48 3
49 2
51 2
52 2
53 2
54 2
55 2
56 2
58 2
61 2
62 2
63 2
64 2
65 2
66 2
67 2
70 2
72 2
73 2
74 2
78 2
80 2
81 3
82 2
83 2
85 2
87 3
88 2
90 2
91 2
93 2
94 3
95 3
96 3
98 2
100 2

3 2
9 2
13 2
18 2
23 2
33 2
35 2
38 2
39 2
45 3
54 2
63 2
65 2
67 3
91 2

1 2
2 2
3 3
4 3
5 2
6 2
7 3
8 3
9 2
10 3
11 3
12 2
13 3
14 2
15 3
16 3
17 3
18 4
19 3
20 3
21 2
22 2
23 2
24 2
25 3
26 2
27 2
28 2
29 4
31 4
34 2
35 2
37 3
38 3
39 2
40 3
41 2
42 3
45 2
46 3
47 2
48 2
49 2
50 2
51 2
52 2
54 3
55 2
56 4
57 3
58 3
59 3
60 2
61 3
62 3
63 2
64 3
65 2
66 2
68 3
69 2
70 2
71 2
72 2
73 2
74 2
75 2
77 2
78 2
79 4
80 3
81 2
83 3
84 2
86 2
87 2
88 3
89 3
90 2
91 3
92 2
93 2
94 3
96 2
99 2
100 3

45 2
78 2

73 2

All Clear

3 3
4 2
5 2
8 2
10 2
15 3
17 2
18 2
20 2
21 2
22 2
27 2
28 2
30 2
31 2
35 2
38 2
40 2
44 2
46 2
47 2
48 2
49 2
50 2
54 2
55 2
57 2
60 2
62 2
63 3
64 2
66 2
68 4
69 2
70 2
73 2
76 2
77 2
78 2
79 3
80 2
81 2
82 3
83 2
85 2
86 2
87 2
88 2
89 2
91 3
94 2
95 3
96 2
97 2

33 2
55 2
66 2
82 2
93 2

10 3
29 2
48 2
65 2
83 2

2 2
4 2
5 2
7 2
11 2
12 2
13 2
15 2
16 2
17 2
19 2
20 2
23 2
26 3
27 3
29 2
31 2
33 2
34 2
35 2
36 2
37 2
38 3
40 2
41 2
42 2
43 2
44 2
45 2
46 2
47 2
51 2
53 2
56 2
61 3
63 2
65 2
69 2
71 2
72 2
74 2
75 2
76 2
77 2
78 2
80 2
81 2
86 3
87 2
88 2
89 2
90 3
91 2
93 2
96 2
98 2
99 2

2 2
3 2
17 3
18 2
21 2
22 2
26 2
32 2
37 3
38 2
42 2
44 2
45 2
49 2
50 3
59 2
60 2
61 2
65 2
67 2
70 2
72 2
76 2
78 2
81 2
84 2
87 2
88 2
90 2
95 2

2 2
4 2
5 2
20 2
62 2
79 2
92 2

12 2
14 2
45 2

2 2
3 3
4 2
5 2
7 2
8 3
9 2
10 2
11 2
12 2
13 2
14 2
16 2
17 2
19 2
20 2
21 2
22 2
23 2
24 2
25 2
26 3
27 2
29 2
31 2
33 3
34 2
35 3
36 3
37 2
39 3
41 2
42 2
43 2
44 2
47 3
48 3
49 3
51 3
53 2
54 2
58 2
60 2
61 2
62 3
63 2
64 2
65 2
66 2
69 2
72 2
73 2
74 2
77 2
78 2
79 3
80 2
81 2
82 4
83 2
84 2
85 3
86 2
87 3
88 2
89 3
91 2
93 2
94 2
95 2
96 3
97 3
98 2
99 2

3 2
4 3
5 2
6 2
9 2
11 2
12 2
13 2
14 2
15 3
17 2
18 2
19 3
20 2
21 2
22 2
23 2
24 2
25 2
26 2
27 2
28 2
29 2
30 2
33 2
34 2
35 2
36 2
37 3
38 2
40 3
44 3
45 3
46 2
47 2
48 2
49 4
50 2
51 2
53 3
54 2
55 2
57 2
60 3
62 3
63 3
64 2
66 3
67 3
70 2
72 2
73 2
75 2
76 2
77 2
78 2
79 2
80 2
82 2
86 4
88 2
89 2
90 2
91 3
97 4
99 2
100 3

2 2
14 2
23 2
36 2
42 2
46 2
74 2
82 2
92 2
97 2

All Clear

1 2
2 2
3 2
4 2
5 2
7 2
8 2
10 2
11 4
12 2
13 2
14 2
16 2
17 3
18 2
20 2
21 2
22 2
23 3
27 3
29 3
30 2
32 2
34 2
35 2
36 2
37 2
38 3
39 2
40 2
41 2
42 2
44 2
45 2
46 2
47 2
48 2
49 2
53 2
56 2
57 2
58 4
59 2
60 2
61 2
62 2
63 2
64 3
69 2
70 2
71 2
73 3
74 3
75 3
76 2
77 3
78 2
81 2
83 2
84 2
85 4
86 2
87 2
88 2
90 3
91 2
92 2
93 3
94 2
95 2
96 2
97 2
98 2
99 2
100 3

1 2
2 2
3 3
4 2
5 2
6 2
7 3
8 2
9 2
10 2
12 2
13 2
14 2
15 2
16 3
17 2
18 2
19 3
20 2
21 2
22 2
23 2
24 2
25 2
27 2
28 2
29 2
30 3
31 2
32 2
33 2
34 3
35 3
36 3
37 2
38 3
39 2
41 2
42 2
43 2
44 2
46 3
50 2
52 3
53 3
54 3
55 2
56 3
58 2
59 2
61 2
62 2
63 3
64 2
65 2
67 4
68 2
69 2
70 2
71 3
72 2
73 2
74 2
75 3
76 3
77 2
78 3
79 3
81 3
84 3
86 4
88 2
89 2
90 2
91 3
92 2
93 2
94 3
97 3
98 2
100 3

1 2
2 3
3 2
4 2
5 2
6 4
7 2
8 3
9 2
10 3
12 2
13 3
14 3
15 2
16 2
17 2
18 2
19 2
20 3
23 2
24 3
25 2
26 2
27 2
28 2
29 2
30 3
32 2
33 4
34 2
35 3
36 3
37 3
38 2
39 2
40 2
41 2
42 2
43 3
44 2
45 2
46 2
47 2
48 2
49 2
50 2
51 2
52 2
53 2
54 2
55 2
56 3
58 2
59 3
60 2
61 2
62 2
63 3
64 2
65 2
66 3
67 3
68 2
70 2
71 2
72 3
73 2
74 2
75 3
77 2
78 2
79 2
80 2
81 2
84 2
85 2
87 2
88 2
89 3
90 4
91 2
92 2
93 3
94 2
95 3
96 2
97 2
98 2
99 2
100 2

3 2
4 2
5 2
6 2
9 2
10 2
12 2
13 3
15 3
16 2
18 2
20 2
22 2
23 3
26 3
29 3
31 3
32 2
33 2
34 2
36 2
37 2
38 3
41 2
42 3
43 2
44 2
45 2
48 3
50 2
51 2
52 2
55 2
58 2
59 2
60 2
61 2
62 2
65 2
66 2
67 2
68 2
72 3
73 4
74 2
78 2
79 3
80 3
81 2
82 2
83 2
84 2
86 2
87 2
88 2
89 2
90 2
92 3
93 2
94 2
95 2
96 2
97 2
99 3
100 2

1 3
2 3
3 2
4 2
5 2
6 2
7 2
11 2
12 2
14 2
17 2
18 2
19 2
20 2
21 2
24 2
25 3
29 2
31 2
33 3
35 3
38 2
40 2
42 3
43 2
44 2
46 3
48 2
49 2
52 2
53 2
57 2
60 2
61 3
63 2
64 2
65 2
68 2
69 2
70 2
71 2
73 3
74 2
75 2
76 2
78 2
79 3
83 3
84 2
92 3
95 2
96 3
97 2
98 3
99 2

1 3
2 2
3 2
4 3
5 2
6 4
7 2
8 2
9 3
11 2
12 3
13 4
14 3
15 3
18 2
19 2
20 3
21 3
22 4
23 2
24 3
25 3
26 2
27 2
28 2
29 4
30 2
31 2
32 3
33 2
34 3
35 3
36 3
37 2
38 2
39 3
40 2
41 3
42 3
43 3
44 3
45 4
46 2
47 3
48 3
49 2
50 2
51 2
52 2
53 2
54 2
55 3
56 3
58 2
59 2
60 3
61 3
62 2
63 2
64 3
65 3
66 2
68 4
69 3
70 2
72 2
73 2
74 2
75 3
76 2
77 2
79 4
80 3
81 2
82 2
84 2
85 2
87 3
88 3
89 2
90 3
91 2
92 2
93 4
94 2
95 3
96 2
97 3
98 2
99 4
100 3

19 2

1 2
4 2
6 3
8 2
9 2
10 2
12 2
13 2
14 2
15 3
16 2
17 2
19 2
20 2
21 2
23 2
24 3
25 2
26 2
27 2
28 2
30 2
31 2
33 2
34 2
36 2
37 2
38 2
40 2
41 2
43 2
46 2
47 2
48 3
50 2
51 2
52 2
53 2
54 2
55 2
59 2
60 2
61 2
62 2
63 2
66 2
67 2
68 2
69 2
71 2
72 2
73 2
74 2
75 2
76 2
77 2
78 3
79 2
80 2
81 2
82 2
83 3
85 3
86 3
87 2
88 3
89 2
92 2
93 3
97 2
98 2
100 2

1 2
3 2
5 2
6 2
7 3
9 2
11 3
12 2
14 3
15 2
16 2
19 2
21 2
27 2
28 2
29 2
32 2
33 2
34 2
35 2
36 2
37 2
38 3
39 2
40 2
45 2
51 2
54 2
56 2
58 3
59 2
64 2
66 3
67 2
69 2
70 2
71 2
74 2
78 3
79 2
80 2
82 2
83 2
84 2
86 3
87 2
88 2
89 3
90 2
91 2
94 2
96 2
97 2

2 2
3 2
4 2
6 2
7 2
8 2
9 2
10 2
11 2
13 2
16 2
17 2
18 2
19 3
20 3
21 2
22 2
24 2
25 3
26 2
27 2
28 2
32 2
33 2
35 2
36 2
38 2
39 3
41 2
43 2
45 2
47 2
50 2
53 2
54 2
56 2
58 2
66 2
67 2
69 3
70 2
71 2
72 3
73 4
74 2
75 2
76 3
77 2
79 2
81 3
83 3
84 2
87 2
88 2
89 2
90 2
91 2
92 2
93 2
94 2
95 2
96 2
98 2

2 2
6 2
7 2
10 2
13 2
14 2
16 2
18 2
21 2
22 2
28 2
29 2
33 2
38 2
39 2
45 2
56 2
61 2
63 2
64 2
67 2
68 2
69 2
71 2
75 2
77 2
78 2
83 2
86 2
88 2
91 2
100 2

1 2
3 2
4 2
7 2
8 2
11 2
14 2
15 2
16 2
23 3
25 2
26 3
27 2
30 2
34 2
36 2
44 2
45 2
46 2
47 3
48 3
49 2
50 2
51 3
52 2
54 4
55 2
56 2
57 2
58 3
59 2
60 2
63 2
64 2
65 2
68 2
69 2
70 2
71 2
72 2
73 2
76 2
77 2
80 2
81 2
82 2
83 2
85 2
86 2
88 3
91 3
92 2
93 2
97 2
98 2
99 2

1 2
5 2
6 2
9 2
16 2
22 2
26 3
27 2
28 2
29 2
31 2
33 2
36 2
41 2
42 2
43 2
45 2
46 2
52 2
58 2
60 2
62 2
69 3
71 2
73 2
75 2
77 2
78 2
79 2
82 2
84 2
95 3
96 2

1 2
3 2
5 2
7 2
8 2
9 3
12 2
13 2
14 3
15 2
16 2
17 2
18 3
19 2
21 3
24 2
28 2
30 2
31 3
32 2
33 2
34 2
35 2
36 2
37 2
39 3
40 3
41 2
42 3
43 2
44 3
46 2
47 2
48 4
49 3
50 2
51 2
53 2
54 3
55 2
57 3
58 3
59 2
60 2
62 2
64 2
65 2
66 2
67 2
69 3
70 3
71 3
73 2
74 3
76 2
77 2
79 2
80 3
82 2
85 2
87 2
88 2
89 2
91 3
92 2
93 2
94 2
95 2
96 3
97 2
98 2
100 2

1 2
2 2
8 2
9 2
10 2
13 2
14 2
15 2
22 2
25 2
26 2
28 2
30 2
31 2
37 2
38 3
42 3
48 2
51 2
52 2
56 2
58 2
59 2
60 2
61 3
62 2
63 2
65 2
67 2
72 2
74 2
76 2
77 2
79 2
80 2
84 2
87 2
89 2
90 2
91 2
92 2
93 2
94 2
98 3
100 2

7 2
26 2
31 2
32 2
37 2
38 2
42 2
44 2
46 2
49 2
51 2
59 2
63 2
64 2
66 2
69 2
79 2
87 2

2 2
3 2
4 2
5 2
8 2
9 2
11 3
12 2
13 2
16 2
17 3
18 3
19 2
20 2
23 2
24 2
25 2
27 2
28 2
29 3
34 3
36 2
38 4
39 2
40 4
41 3
42 2
45 2
47 2
49 2
50 2
51 2
52 2
53 2
54 2
56 2
57 2
58 2
59 2
60 2
62 2
64 2
65 2
66 2
70 2
71 2
73 2
74 2
75 2
81 2
83 2
84 2
85 2
87 2
88 2
90 2
91 2
92 2
94 2
95 2
97 2
98 2
99 3

1 2
2 3
3 2
4 2
5 3
6 2
7 3
8 2
9 6
10 2
11 3
12 2
13 2
14 3
15 4
16 2
18 3
19 2
20 3
21 3
22 3
23 3
25 2
27 3
28 3
29 3
30 2
31 3
32 2
33 2
34 2
35 3
36 3
37 2
38 2
39 3
40 2
41 2
42 2
43 2
44 2
45 3
46 2
47 2
48 4
50 4
51 2
52 3
53 3
54 4
55 2
57 3
58 2
59 2
60 2
61 3
62 2
63 2
64 5
65 3
67 2
68 2
69 2
70 2
71 2
72 2
73 2
74 2
75 2
76 2
77 2
78 3
79 2
80 2
81 2
82 2
83 4
84 2
85 3
86 2
87 3
88 3
89 2
90 4
91 3
92 2
93 2
94 3
95 2
96 4
97 2
100 2

6 2
9 2
11 2
12 2
13 2
17 2
23 2
29 2
44 2

1 3
2 2
3 4
6 2
7 2
8 3
9 3
10 2
11 3
12 2
13 3
16 2
17 4
19 2
22 2
23 3
24 3
25 2
26 4
27 2
28 4
29 3
30 2
31 2
33 2
34 2
36 2
37 2
38 3
39 3
40 2
41 2
42 3
43 2
44 3
45 2
46 2
49 2
50 2
51 2
52 2
53 2
55 3
56 2
57 3
58 3
59 3
60 2
62 2
63 2
64 3
65 2
66 3
67 2
68 2
69 2
70 2
71 2
73 2
74 2
75 3
76 2
78 3
79 2
82 3
83 2
85 2
86 2
87 2
88 2
89 3
90 2
91 2
93 2
94 3
95 2
96 2
98 2
99 2
100 2

1 2
2 2
4 2
7 2
10 2
12 2
15 2
16 2
18 3
19 2
21 2
23 3
24 2
25 2
26 2
27 3
30 2
33 3
36 2
37 2
38 2
41 2
42 2
44 2
45 2
48 2
49 2
50 2
51 2
52 4
53 2
54 3
55 3
57 2
58 2
59 2
60 2
61 2
62 2
65 2
68 2
69 2
70 2
71 2
72 2
74 2
75 2
76 2
79 2
80 2
84 3
85 2
86 3
88 2
89 3
90 2
92 2
93 2
95 2
96 2
97 3
99 2

6 2
7 2
16 2
17 2
26 2
27 2
39 2
55 2
60 2
65 2
70 2
75 2
83 2
90 2
94 2
99 2

4 2
6 2
7 3
10 2
11 2
12 2
13 4
15 2
16 4
17 2
18 2
19 2
20 2
23 2
27 2
28 2
29 2
30 2
31 2
32 3
33 2
37 3
39 2
41 2
42 3
43 2
46 2
47 2
49 2
50 2
52 2
58 2
61 3
64 2
66 2
67 3
68 2
70 2
71 2
73 2
74 3
75 2
76 2
77 2
79 2
82 2
83 2
85 2
86 2
88 2
90 3
91 2
92 2
94 2
95 2
96 2
98 2
99 2

4 2
5 2
8 2
11 2
13 2
14 2
16 2
17 2
22 2
23 2
27 2
29 2
31 2
35 2
36 3
37 2
39 2
42 2
44 2
47 2
50 2
53 2
54 2
57 2
60 2
62 2
66 2
68 3
69 2
77 2
81 2
86 3
90 2
91 2
92 2
96 2
98 2
99 2
100 2

5 2
7 2
8 2
10 2
22 2
25 3
28 2
30 2
31 2
43 2
57 2
59 2
60 2
69 2
72 3
74 2
77 2
79 2
82 3
87 2
88 2
91 2

1 2
2 2
5 2
6 2
7 2
8 2
10 2
11 2
12 2
13 3
14 2
15 2
16 2
18 2
20 2
21 3
23 2
24 2
25 2
28 2
29 2
30 2
31 2
32 4
33 2
34 3
35 2
36 2
37 4
38 2
39 2
40 2
42 2
43 4
44 3
45 3
46 2
47 2
49 3
50 2
51 2
52 2
53 3
54 3
55 3
57 3
58 3
59 4
61 2
62 2
63 2
65 2
66 3
68 2
69 3
71 2
72 2
73 2
74 2
75 2
76 2
77 3
78 2
80 2
82 4
83 3
85 2
86 4
88 4
90 3
91 2
94 2
95 4
96 4
97 2
99 3
100 3

All Clear

4 10

All Clear

6 10

7 100000

8 100000
