1235
1
1
ehb-b 1
2
2
dgj-c 1
fcd-c 1
3
2
bcb-d 1
ii-d 1
4
1
hic-e 1
8
1
geg-i 1
9
1
fbj-j 1
11
1
bcef-bb 1
12
1
dgf-bc 1
13
1
bejh-bd 1
14
3
fec-be 1
bbbj-be 1
beai-be 1
16
1
baae-bg 1
17
2
ihi-bh 1
bgeh-bh 1
18
2
fic-bi 1
babg-bi 1
19
1
bdbf-bj 1
23
2
dbg-cd 1
ffb-cd 1
24
1
jag-ce 1
25
2
def-cf 1
eac-cf 1
28
2
hfh-ci 1
bffg-ci 1
29
1
bfgd-cj 1
30
2
bcei-da 1
beib-da 1
31
1
bbde-db 1
32
3
iej-dc 1
ifh-dc 1
bbgj-dc 1
35
1
bfgb-df 1
36
3
bgfe-dg 1
bcii-dg 1
bcag-dg 1
37
1
bagf-dh 1
38
1
haf-di 1
40
2
jjh-ea 1
eee-ea 1
41
2
cdi-eb 1
bbfc-eb 1
42
1
cdc-ec 1
43
1
bcia-ed 1
46
1
ggg-eg 1
47
2
bbei-eh 1
gdh-eh 1
48
1
jfj-ei 1
49
1
baig-ej 1
50
1
dhe-fa 1
52
1
bfch-fc 1
54
1
jic-fe 1
55
1
gb-ff 1
57
1
bejb-fh 1
58
2
bfdg-fi 1
hee-fi 1
60
1
fga-ga 1
61
2
bbeb-gb 1
bbjc-gb 1
62
3
bdfa-gc 1
gge-gc 1
eie-gc 1
63
1
bfgc-gd 1
66
3
bfjf-gg 1
jhg-gg 1
cdh-gg 1
67
1
bddh-gh 1
68
2
ch-gi 1
bcff-gi 1
71
2
efh-hb 1
iaa-hb 1
72
2
dbf-hc 1
ejc-hc 1
74
3
bcjc-he 1
bebb-he 1
hc-he 1
75
2
hie-hf 1
bdbc-hf 1
76
1
cgj-hg 1
78
2
iba-hi 1
baec-hi 1
79
2
gfg-hj 1
jfc-hj 1
80
1
bfeh-ia 1
82
1
bedh-ic 1
83
1
eab-id 1
84
2
eeh-ie 1
dej-ie 1
85
2
bfce-if 1
bcge-if 1
88
3
bgfi-ii 1
chf-ii 1
dgc-ii 1
89
1
ife-ij 1
90
1
hij-ja 1
92
4
babi-jc 1
bbjg-jc 1
gii-jc 1
fci-jc 1
94
3
bfc-je 1
bi-je 1
gdf-je 1
95
1
iae-jf 1
96
1
daf-jg 1
97
3
bbfg-jh 1
dai-jh 1
hib-jh 1
98
2
bdjh-ji 1
beaa-ji 1
99
1
bcee-jj 1
100
2
efg-baa 1
dig-baa 1
102
2
gja-bac 1
bfe-bac 1
106
1
fic-bag 1
107
2
gjh-bah 1
hbf-bah 1
111
1
fdh-bbb 1
112
1
chf-bbc 1
114
1
cb-bbe 1
115
2
bei-bbf 1
bage-bbf 1
116
2
gdc-bbg 1
eg-bbg 1
117
1
bacc-bbh 1
118
2
beeh-bbi 1
bech-bbi 1
119
1
fag-bbj 1
120
1
gaf-bca 1
121
2
bbgc-bcb 1
fba-bcb 1
122
2
bbab-bcc 1
bbff-bcc 1
123
1
jec-bcd 1
124
1
gef-bce 1
127
1
bgbf-bch 1
128
3
bbhe-bci 1
bbf-bci 1
bcbc-bci 1
130
2
ffa-bda 1
eh-bda 1
131
2
deh-bdb 1
efd-bdb 1
132
2
bfea-bdc 1
bbjh-bdc 1
133
3
bcgc-bdd 1
bjf-bdd 1
bece-bdd 1
135
3
hcg-bdf 1
gea-bdf 1
gbf-bdf 1
136
1
bahh-bdg 1
138
3
gci-bdi 1
jbe-bdi 1
iic-bdi 1
139
4
igg-bdj 1
hhc-bdj 1
geh-bdj 1
jfe-bdj 1
141
1
hia-beb 1
142
2
bdei-bec 1
hea-bec 1
143
1
cd-bed 1
144
2
gjd-bee 1
bgbe-bee 1
147
2
ieh-beh 1
hi-beh 1
148
1
jca-bei 1
149
1
fif-bej 1
151
1
bdji-bfb 1
152
2
bafi-bfc 1
dcb-bfc 1
154
1
dch-bfe 1
155
1
eec-bff 1
158
4
bgci-bfi 1
ich-bfi 1
gaa-bfi 1
jhe-bfi 1
159
2
bii-bfj 1
gif-bfj 1
160
2
hbd-bga 1
efe-bga 1
161
1
cgc-bgb 1
163
1
bgdh-bgd 1
165
1
iaa-bgf 1
166
2
bcaa-bgg 1
ehg-bgg 1
167
1
bfgh-bgh 1
168
1
daj-bgi 1
169
1
bffe-bgj 1
170
1
gi-bha 1
171
1
hhd-bhb 1
172
2
bbfd-bhc 1
bfe-bhc 1
173
1
hj-bhd 1
174
1
daa-bhe 1
176
2
bci-bhg 1
cdi-bhg 1
178
1
eaj-bhi 1
179
1
bafb-bhj 1
181
1
eae-bib 1
184
1
bde-bie 1
185
2
bgcg-bif 1
babf-bif 1
186
1
deg-big 1
187
1
bcff-bih 1
189
1
ba-bij 1
190
1
dca-bja 1
193
2
hdg-bjd 1
ghb-bjd 1
194
1
ecd-bje 1
195
4
bccc-bjf 1
hic-bjf 1
baff-bjf 1
ecg-bjf 1
198
1
beeb-bji 1
199
2
baad-bjj 1
jhe-bjj 1
200
1
djj-caa 1
201
1
cjd-cab 1
202
2
dbf-cac 1
fid-cac 1
205
2
gag-caf 1
bafb-caf 1
206
1
cie-cag 1
208
1
jda-cai 1
210
3
bbjf-cba 1
bccb-cba 1
bgdd-cba 1
212
2
efg-cbc 1
bcdg-cbc 1
213
2
bif-cbd 1
jfc-cbd 1
214
1
bbcc-cbe 1
216
2
bbfi-cbg 1
becj-cbg 1
217
1
bhi-cbh 1
218
1
ede-cbi 1
219
1
gjj-cbj 1
220
1
eea-cca 1
222
3
jfh-ccc 1
eag-ccc 1
bcda-ccc 1
223
1
bajb-ccd 1
225
4
bfdd-ccf 1
ga-ccf 1
ihi-ccf 1
dca-ccf 1
227
2
baaf-cch 1
egd-cch 1
228
2
bbfd-cci 1
bgbg-cci 1
229
2
hji-ccj 1
cch-ccj 1
231
1
ejg-cdb 1
232
2
ddj-cdc 1
fad-cdc 1
235
3
fjc-cdf 1
bhj-cdf 1
dfa-cdf 1
236
1
dff-cdg 1
237
1
bbja-cdh 1
238
2
j-cdi 1
beha-cdi 1
239
1
ega-cdj 1
240
2
jaj-cea 1
che-cea 1
241
1
bdea-ceb 1
243
1
bbgc-ced 1
244
1
ic-cee 1
245
2
dab-cef 1
bha-cef 1
249
2
bbeg-cej 1
bh-cej 1
250
3
gei-cfa 1
ice-cfa 1
bdhb-cfa 1
251
1
fhe-cfb 1
255
2
bafc-cff 1
ejg-cff 1
256
4
bfdb-cfg 1
bbdg-cfg 1
ej-cfg 1
gic-cfg 1
257
1
cie-cfh 1
260
2
bhb-cga 1
bcjf-cga 1
261
2
da-cgb 1
deb-cgb 1
262
1
hfc-cgc 1
263
1
bafd-cgd 1
265
1
bgbh-cgf 1
267
2
bdhc-cgh 1
hc-cgh 1
268
3
baaa-cgi 1
ia-cgi 1
fdh-cgi 1
272
1
bbfj-chc 1
273
1
bfbg-chd 1
274
1
befj-che 1
275
1
eca-chf 1
278
2
bbea-chi 1
bbc-chi 1
281
4
eha-cib 1
bdhh-cib 1
bcce-cib 1
bdhb-cib 1
283
2
cab-cid 1
cjb-cid 1
284
2
jfi-cie 1
gg-cie 1
285
2
bcja-cif 1
dae-cif 1
286
1
eef-cig 1
287
1
icg-cih 1
288
1
baha-cii 1
290
1
hcj-cja 1
291
1
beba-cjb 1
292
3
bfgi-cjc 1
bcih-cjc 1
bada-cjc 1
298
1
bdce-cji 1
299
2
jah-cjj 1
bfeb-cjj 1
300
3
bbhc-daa 1
jjb-daa 1
bfde-daa 1
301
2
bef-dab 1
hi-dab 1
303
1
gfd-dad 1
304
1
bcib-dae 1
305
3
badi-daf 1
bdcb-daf 1
fbb-daf 1
307
1
ihj-dah 1
308
1
bchi-dai 1
309
1
geh-daj 1
310
1
hhj-dba 1
311
2
cjb-dbb 1
eaa-dbb 1
312
1
dah-dbc 1
313
1
gcb-dbd 1
315
2
gib-dbf 1
baad-dbf 1
316
2
iag-dbg 1
ffg-dbg 1
317
1
fha-dbh 1
319
1
dhd-dbj 1
320
4
bdii-dca 1
a-dca 1
jbi-dca 1
bda-dca 1
321
2
fi-dcb 1
eda-dcb 1
322
2
jah-dcc 1
di-dcc 1
323
1
gda-dcd 1
324
2
ebg-dce 1
jef-dce 1
325
1
bbja-dcf 1
326
1
dca-dcg 1
327
2
bdgc-dch 1
jai-dch 1
328
1
bcef-dci 1
329
1
jcg-dcj 1
331
1
bbdj-ddb 1
332
1
bfjb-ddc 1
334
4
fbe-dde 1
ifj-dde 1
d-dde 1
ghh-dde 1
335
2
fcf-ddf 1
eij-ddf 1
336
1
eid-ddg 1
337
1
baa-ddh 1
339
2
haa-ddj 1
ihj-ddj 1
340
4
edh-dea 1
ejd-dea 1
dia-dea 1
ief-dea 1
341
2
hgj-deb 1
cbi-deb 1
343
1
gij-ded 1
344
3
cia-dee 1
fji-dee 1
dej-dee 1
345
1
jfi-def 1
346
1
fhd-deg 1
347
1
dj-deh 1
349
2
fda-dej 1
bcah-dej 1
350
1
ege-dfa 1
351
1
e-dfb 1
352
1
fgg-dfc 1
353
1
idj-dfd 1
354
3
baac-dfe 1
ejd-dfe 1
ii-dfe 1
355
3
heg-dff 1
hii-dff 1
gie-dff 1
356
1
eib-dfg 1
357
3
fee-dfh 1
beci-dfh 1
fhb-dfh 1
358
2
egd-dfi 1
hgh-dfi 1
359
1
eb-dfj 1
360
1
bcdg-dga 1
361
1
bcae-dgb 1
362
2
bdbb-dgc 1
fib-dgc 1
363
2
bbjf-dgd 1
ifb-dgd 1
364
1
bccf-dge 1
365
2
bffd-dgf 1
bbba-dgf 1
367
1
idi-dgh 1
369
2
bcab-dgj 1
gg-dgj 1
370
1
dji-dha 1
371
1
d-dhb 1
372
5
bbed-dhc 1
jii-dhc 1
bdab-dhc 1
bbce-dhc 1
dbg-dhc 1
373
2
baeg-dhd 1
dgh-dhd 1
374
3
bbhb-dhe 1
bbhi-dhe 1
bbii-dhe 1
375
1
baga-dhf 1
376
1
begf-dhg 1
377
1
dgf-dhh 1
378
2
ihg-dhi 1
fjf-dhi 1
379
3
begh-dhj 1
ddj-dhj 1
icc-dhj 1
380
1
ecg-dia 1
382
1
edj-dic 1
384
3
fac-die 1
baag-die 1
fig-die 1
385
1
bbdh-dif 1
386
3
fcd-dig 1
edj-dig 1
hih-dig 1
387
1
fdg-dih 1
388
1
bdeg-dii 1
389
3
hhe-dij 1
bacf-dij 1
ici-dij 1
391
1
jjj-djb 1
392
1
dba-djc 1
393
1
bejh-djd 1
394
1
beaj-dje 1
396
2
bceg-djg 1
efi-djg 1
397
4
beca-djh 1
bdef-djh 1
cjc-djh 1
ebi-djh 1
399
2
bbc-djj 1
jib-djj 1
400
2
hjj-eaa 1
bee-eaa 1
401
2
bbga-eab 1
bdha-eab 1
402
1
cej-eac 1
403
1
caf-ead 1
404
3
bic-eae 1
icb-eae 1
gdc-eae 1
406
1
gff-eag 1
407
2
bbcf-eah 1
eca-eah 1
408
2
bbec-eai 1
be-eai 1
409
1
beec-eaj 1
410
2
bebc-eba 1
bif-eba 1
411
2
ffd-ebb 1
iij-ebb 1
413
2
badb-ebd 1
bdae-ebd 1
414
2
ebb-ebe 1
df-ebe 1
415
1
fhf-ebf 1
416
1
fga-ebg 1
417
1
icg-ebh 1
418
1
hfe-ebi 1
419
3
jgc-ebj 1
djj-ebj 1
ehi-ebj 1
420
2
eh-eca 1
jga-eca 1
421
1
bchc-ecb 1
422
3
bdch-ecc 1
bdie-ecc 1
cd-ecc 1
423
2
dha-ecd 1
jfj-ecd 1
424
1
ici-ece 1
425
2
dgb-ecf 1
beh-ecf 1
426
1
bcca-ecg 1
427
1
hcd-ech 1
429
1
ihi-ecj 1
430
3
bdcg-eda 1
dhf-eda 1
bbdb-eda 1
431
1
gdd-edb 1
432
1
baa-edc 1
433
2
bdh-edd 1
cbe-edd 1
434
3
jh-ede 1
ffi-ede 1
jbb-ede 1
435
3
bdag-edf 1
fah-edf 1
hba-edf 1
436
1
ie-edg 1
437
1
bbgb-edh 1
439
2
egf-edj 1
egj-edj 1
440
1
bgj-eea 1
441
1
hei-eeb 1
442
2
dge-eec 1
hci-eec 1
443
3
gcd-eed 1
fcg-eed 1
iaa-eed 1
444
1
idg-eee 1
445
1
bdg-eef 1
448
2
beed-eei 1
haj-eei 1
450
1
hch-efa 1
452
1
hd-efc 1
453
1
fei-efd 1
454
2
bcdb-efe 1
ija-efe 1
455
3
fff-eff 1
jge-eff 1
bjf-eff 1
456
2
bcad-efg 1
iib-efg 1
458
1
eec-efi 1
459
1
bbca-efj 1
460
4
jca-ega 1
bja-ega 1
bac-ega 1
feh-ega 1
461
2
bcdf-egb 1
fdb-egb 1
463
1
cfa-egd 1
464
1
ifi-ege 1
465
3
fge-egf 1
ifd-egf 1
eae-egf 1
467
1
iid-egh 1
468
1
hef-egi 1
469
2
jdg-egj 1
jj-egj 1
470
1
cgh-eha 1
471
1
hib-ehb 1
473
1
hcb-ehd 1
474
2
bebj-ehe 1
di-ehe 1
475
1
jgj-ehf 1
476
1
edf-ehg 1
477
1
ecf-ehh 1
478
2
jfd-ehi 1
bbeg-ehi 1
481
1
iih-eib 1
482
2
bdfb-eic 1
bfef-eic 1
483
1
bfhj-eid 1
484
1
gbb-eie 1
488
1
bfdi-eii 1
489
2
jae-eij 1
dcc-eij 1
490
2
babi-eja 1
iaj-eja 1
491
1
ibd-ejb 1
492
3
gji-ejc 1
ggd-ejc 1
bcbe-ejc 1
493
1
ige-ejd 1
495
1
bfja-ejf 1
496
3
chd-ejg 1
ghb-ejg 1
feg-ejg 1
498
1
d-eji 1
499
1
chf-ejj 1
500
1
dfb-faa 1
502
1
hbc-fac 1
503
5
bdjg-fad 1
fgd-fad 1
iej-fad 1
baei-fad 1
cfh-fad 1
504
2
baba-fae 1
bdia-fae 1
506
2
bahb-fag 1
dbf-fag 1
508
1
fdh-fai 1
509
1
ggb-faj 1
510
1
bbdb-fba 1
511
1
jgi-fbb 1
513
1
ejj-fbd 1
514
1
bceh-fbe 1
516
1
dff-fbg 1
517
2
fdh-fbh 1
fgb-fbh 1
518
1
ebf-fbi 1
519
2
hdc-fbj 1
fch-fbj 1
520
1
bccg-fca 1
521
1
bcdf-fcb 1
522
1
bfca-fcc 1
523
1
cba-fcd 1
524
2
gia-fce 1
baec-fce 1
525
2
baib-fcf 1
ebi-fcf 1
526
2
bbe-fcg 1
gcc-fcg 1
527
3
bcee-fch 1
beaj-fch 1
fcf-fch 1
528
3
iba-fci 1
dfh-fci 1
bbea-fci 1
530
1
bhj-fda 1
531
1
eha-fdb 1
532
1
bahi-fdc 1
533
5
eaf-fdd 1
hid-fdd 1
bfha-fdd 1
edd-fdd 1
bfie-fdd 1
535
1
ibe-fdf 1
537
4
bcjh-fdh 1
deb-fdh 1
gf-fdh 1
cdc-fdh 1
539
1
bdfh-fdj 1
540
1
ee-fea 1
541
2
ieb-feb 1
ibd-feb 1
542
2
bfij-fec 1
bfcg-fec 1
543
1
hdi-fed 1
544
1
bbaa-fee 1
545
2
je-fef 1
bfdg-fef 1
546
3
ijc-feg 1
hgh-feg 1
bd-feg 1
547
1
djg-feh 1
548
1
begd-fei 1
550
3
bfef-ffa 1
idb-ffa 1
gch-ffa 1
551
2
cfd-ffb 1
dab-ffb 1
552
1
bdj-ffc 1
553
1
dij-ffd 1
555
1
hfd-fff 1
556
1
ffi-ffg 1
557
1
e-ffh 1
558
2
cdj-ffi 1
bcdd-ffi 1
559
1
gfi-ffj 1
560
6
igi-fga 1
bbhg-fga 1
bhe-fga 1
cie-fga 1
eae-fga 1
gei-fga 1
561
2
dba-fgb 1
gff-fgb 1
562
1
bagf-fgc 1
563
2
bfff-fgd 1
bfic-fgd 1
564
1
gjf-fge 1
568
1
dfg-fgi 1
569
1
ghj-fgj 1
570
1
bfig-fha 1
571
2
beeb-fhb 1
bfcb-fhb 1
572
3
bgea-fhc 1
bbi-fhc 1
bfed-fhc 1
573
1
cih-fhd 1
576
1
bbfh-fhg 1
578
2
bja-fhi 1
jcb-fhi 1
579
1
fag-fhj 1
580
1
gcc-fia 1
581
2
gjb-fib 1
fgb-fib 1
582
2
bgaj-fic 1
cea-fic 1
583
1
bbaa-fid 1
584
1
efe-fie 1
585
1
gge-fif 1
586
1
bfj-fig 1
588
2
haf-fii 1
bcfh-fii 1
590
1
edj-fja 1
591
4
hae-fjb 1
gef-fjb 1
bggb-fjb 1
caa-fjb 1
592
2
hdf-fjc 1
cie-fjc 1
595
1
jhf-fjf 1
596
1
bcfe-fjg 1
598
3
fij-fji 1
bddi-fji 1
cdf-fji 1
600
1
bacj-gaa 1
601
1
gdh-gab 1
603
1
bdfe-gad 1
604
1
bfi-gae 1
606
1
jij-gag 1
607
1
iaf-gah 1
609
2
di-gaj 1
bcde-gaj 1
610
2
bbib-gba 1
bbge-gba 1
611
4
bfjj-gbb 1
eja-gbb 1
cgb-gbb 1
dhf-gbb 1
614
1
bgfd-gbe 1
615
1
bdcf-gbf 1
616
1
dhh-gbg 1
617
1
ff-gbh 1
618
1
bbeh-gbi 1
619
2
bbfi-gbj 1
jej-gbj 1
620
1
haj-gca 1
621
1
bfbd-gcb 1
622
4
baee-gcc 1
cdh-gcc 1
bafc-gcc 1
bbii-gcc 1
624
1
fai-gce 1
627
1
bdc-gch 1
628
3
bga-gci 1
igb-gci 1
cea-gci 1
631
1
eah-gdb 1
632
2
cah-gdc 1
babf-gdc 1
634
1
baeb-gde 1
635
2
bchf-gdf 1
gfe-gdf 1
636
3
bajh-gdg 1
db-gdg 1
bddj-gdg 1
637
1
jci-gdh 1
640
2
edi-gea 1
dea-gea 1
642
1
ihd-gec 1
645
2
bdgj-gef 1
dfi-gef 1
646
1
bfcj-geg 1
647
1
jg-geh 1
648
1
daf-gei 1
651
1
jhj-gfb 1
653
1
bdbg-gfd 1
654
1
baci-gfe 1
655
4
hh-gff 1
idi-gff 1
egf-gff 1
ehe-gff 1
656
1
bahh-gfg 1
658
1
becd-gfi 1
661
1
bee-ggb 1
662
1
id-ggc 1
663
1
jhh-ggd 1
664
3
beg-gge 1
efd-gge 1
bfid-gge 1
665
2
hab-ggf 1
jfj-ggf 1
666
2
die-ggg 1
dij-ggg 1
668
2
bfc-ggi 1
cgh-ggi 1
670
3
bfgj-gha 1
ifc-gha 1
gii-gha 1
671
2
bgef-ghb 1
bbfg-ghb 1
672
3
bch-ghc 1
beid-ghc 1
cib-ghc 1
673
2
did-ghd 1
egj-ghd 1
675
1
ggb-ghf 1
677
1
cbc-ghh 1
678
1
hai-ghi 1
679
3
bcbc-ghj 1
fcd-ghj 1
hec-ghj 1
681
2
bbhf-gib 1
cic-gib 1
682
1
dhi-gic 1
683
1
cjj-gid 1
684
1
iih-gie 1
685
3
jea-gif 1
hge-gif 1
bcig-gif 1
687
2
badc-gih 1
die-gih 1
688
1
baab-gii 1
689
1
ehf-gij 1
690
1
ecd-gja 1
692
3
hji-gjc 1
gbe-gjc 1
behb-gjc 1
693
1
gad-gjd 1
694
1
bhc-gje 1
695
2
dig-gjf 1
ieg-gjf 1
696
3
egg-gjg 1
behg-gjg 1
bfb-gjg 1
697
2
cbg-gjh 1
dfd-gjh 1
699
1
iii-gjj 1
700
1
bcea-haa 1
701
1
bcfg-hab 1
704
3
hea-hae 1
bbic-hae 1
chi-hae 1
705
2
jji-haf 1
jda-haf 1
706
2
dfg-hag 1
hje-hag 1
707
1
efj-hah 1
709
1
bdjj-haj 1
710
2
bdbi-hba 1
bega-hba 1
711
1
fac-hbb 1
712
1
ffc-hbc 1
713
2
bdff-hbd 1
bei-hbd 1
714
2
fc-hbe 1
fji-hbe 1
715
1
jf-hbf 1
716
3
ife-hbg 1
egh-hbg 1
bdjf-hbg 1
717
2
babe-hbh 1
ci-hbh 1
719
1
bedf-hbj 1
720
1
hcf-hca 1
721
1
bahd-hcb 1
722
1
iee-hcc 1
723
3
jee-hcd 1
bgi-hcd 1
bdhb-hcd 1
724
2
beaf-hce 1
ejf-hce 1
725
2
gad-hcf 1
b-hcf 1
726
2
ibf-hcg 1
ja-hcg 1
728
1
ggi-hci 1
729
3
jd-hcj 1
bbgd-hcj 1
eec-hcj 1
730
1
dec-hda 1
731
2
bfhg-hdb 1
bejg-hdb 1
732
3
befb-hdc 1
bdac-hdc 1
jbf-hdc 1
734
2
jfh-hde 1
bbjf-hde 1
735
3
gbh-hdf 1
bbha-hdf 1
dci-hdf 1
736
1
fjc-hdg 1
738
1
beah-hdi 1
739
1
haa-hdj 1
740
1
befg-hea 1
742
4
fai-hec 1
bdda-hec 1
bdhc-hec 1
bfjg-hec 1
744
1
bfhd-hee 1
745
2
bjd-hef 1
bfch-hef 1
746
1
bcdd-heg 1
748
2
fad-hei 1
ie-hei 1
749
1
bgbd-hej 1
751
2
bff-hfb 1
icd-hfb 1
752
1
gjh-hfc 1
753
1
bcec-hfd 1
754
2
gac-hfe 1
bahd-hfe 1
756
2
bbac-hfg 1
gfd-hfg 1
757
2
bbaj-hfh 1
ede-hfh 1
758
1
beih-hfi 1
759
1
bfhi-hfj 1
760
1
bbg-hga 1
761
1
hfc-hgb 1
762
3
fia-hgc 1
fea-hgc 1
hje-hgc 1
763
1
bedb-hgd 1
764
1
beff-hge 1
765
2
bafe-hgf 1
icd-hgf 1
767
2
dej-hgh 1
deg-hgh 1
768
1
baja-hgi 1
772
1
eia-hhc 1
773
1
gaa-hhd 1
774
1
eff-hhe 1
776
1
hbb-hhg 1
779
2
bfag-hhj 1
jec-hhj 1
780
1
jdd-hia 1
781
1
bbi-hib 1
782
3
chh-hic 1
bgcf-hic 1
dhd-hic 1
787
1
ddh-hih 1
788
1
cgi-hii 1
789
2
jff-hij 1
bji-hij 1
790
1
fae-hja 1
791
1
cfh-hjb 1
792
4
hcc-hjc 1
bfhe-hjc 1
bbfi-hjc 1
gaj-hjc 1
793
2
fef-hjd 1
bbd-hjd 1
794
2
bdja-hje 1
fgj-hje 1
795
2
beji-hjf 1
edj-hjf 1
796
2
jdh-hjg 1
cfa-hjg 1
798
1
hfj-hji 1
799
4
beea-hjj 1
gah-hjj 1
fe-hjj 1
fgd-hjj 1
800
2
jcg-iaa 1
dhc-iaa 1
801
1
ech-iab 1
802
1
hia-iac 1
804
4
cdf-iae 1
cjg-iae 1
fjd-iae 1
bcd-iae 1
805
2
ejf-iaf 1
gjf-iaf 1
806
2
bage-iag 1
ejg-iag 1
807
1
fei-iah 1
808
1
dje-iai 1
809
1
bddg-iaj 1
810
2
bbbj-iba 1
bbba-iba 1
811
1
bead-ibb 1
813
2
bgcj-ibd 1
bdhd-ibd 1
814
1
fba-ibe 1
815
3
dih-ibf 1
bffh-ibf 1
dje-ibf 1
816
1
fhg-ibg 1
817
2
babb-ibh 1
eja-ibh 1
818
1
gi-ibi 1
819
3
bbcd-ibj 1
dfd-ibj 1
bbdb-ibj 1
820
2
becf-ica 1
dgi-ica 1
821
1
hfi-icb 1
823
3
jaj-icd 1
hj-icd 1
hcd-icd 1
824
2
ehd-ice 1
hgi-ice 1
825
2
dbb-icf 1
fce-icf 1
826
3
gcg-icg 1
bjj-icg 1
bcdi-icg 1
828
2
jc-ici 1
cj-ici 1
829
1
jie-icj 1
830
1
bcfd-ida 1
831
1
ghi-idb 1
832
1
gjg-idc 1
833
1
bfda-idd 1
836
2
dhd-idg 1
bfi-idg 1
838
2
bgfa-idi 1
ech-idi 1
839
1
fdj-idj 1
840
2
bij-iea 1
bebf-iea 1
841
3
bdaj-ieb 1
bbie-ieb 1
fhb-ieb 1
842
1
hfg-iec 1
843
1
jac-ied 1
845
3
ea-ief 1
bbah-ief 1
bfc-ief 1
846
2
ffh-ieg 1
idd-ieg 1
847
3
caj-ieh 1
bge-ieh 1
bchj-ieh 1
848
2
hgi-iei 1
efg-iei 1
849
1
bbh-iej 1
850
3
ccc-ifa 1
hcf-ifa 1
bbbi-ifa 1
851
1
dfh-ifb 1
852
4
cee-ifc 1
ejj-ifc 1
bchg-ifc 1
jid-ifc 1
853
2
cf-ifd 1
bbhd-ifd 1
854
2
dad-ife 1
hjf-ife 1
855
1
efe-iff 1
856
2
bgeb-ifg 1
be-ifg 1
857
2
cid-ifh 1
baga-ifh 1
858
1
bcci-ifi 1
861
1
cif-igb 1
863
1
ife-igd 1
864
2
hjc-ige 1
dbj-ige 1
867
1
hag-igh 1
869
1
dde-igj 1
870
2
hgf-iha 1
bcdj-iha 1
873
3
fj-ihd 1
bbdd-ihd 1
behh-ihd 1
874
1
hdg-ihe 1
875
1
bbad-ihf 1
878
1
bdgf-ihi 1
879
2
caf-ihj 1
cef-ihj 1
880
2
fgb-iia 1
fid-iia 1
881
3
baeb-iib 1
id-iib 1
cfb-iib 1
882
2
jje-iic 1
fag-iic 1
884
1
cbb-iie 1
887
1
hbj-iih 1
890
2
dbj-ija 1
iaa-ija 1
893
2
hfi-ijd 1
beda-ijd 1
894
1
beef-ije 1
896
2
ig-ijg 1
behi-ijg 1
898
1
gd-iji 1
900
1
bbjh-jaa 1
901
1
gbe-jab 1
902
3
ghg-jac 1
ibb-jac 1
ejj-jac 1
904
1
bbih-jae 1
905
2
bgd-jaf 1
bdig-jaf 1
906
2
cg-jag 1
cbc-jag 1
907
3
bchh-jah 1
baia-jah 1
fie-jah 1
908
4
gbj-jai 1
bbbg-jai 1
bffi-jai 1
efa-jai 1
909
1
ebd-jaj 1
910
1
gej-jba 1
911
1
dhg-jbb 1
912
2
gbg-jbc 1
jca-jbc 1
913
2
bfad-jbd 1
dij-jbd 1
914
1
de-jbe 1
915
2
bedi-jbf 1
gfg-jbf 1
916
2
baie-jbg 1
ehd-jbg 1
917
2
babf-jbh 1
dbd-jbh 1
918
1
bdcc-jbi 1
920
1
jfg-jca 1
921
2
faj-jcb 1
gae-jcb 1
922
2
fjg-jcc 1
gfb-jcc 1
923
2
jcc-jcd 1
hgh-jcd 1
926
1
ggg-jcg 1
928
3
bfbf-jci 1
gih-jci 1
beia-jci 1
930
2
bgdf-jda 1
bdig-jda 1
931
2
cgf-jdb 1
hge-jdb 1
932
1
hbh-jdc 1
933
2
dic-jdd 1
dhc-jdd 1
934
1
bi-jde 1
936
1
bhb-jdg 1
939
1
jfj-jdj 1
940
1
ije-jea 1
942
2
badg-jec 1
bdfg-jec 1
944
1
hjb-jee 1
945
2
badj-jef 1
bbje-jef 1
946
1
bbj-jeg 1
947
1
bgdb-jeh 1
949
2
dch-jej 1
ehb-jej 1
950
1
fdj-jfa 1
952
2
jgb-jfc 1
cgh-jfc 1
953
1
babc-jfd 1
954
2
bfgb-jfe 1
c-jfe 1
955
1
bfeb-jff 1
956
2
ega-jfg 1
bccb-jfg 1
957
3
bffj-jfh 1
fdf-jfh 1
gfb-jfh 1
958
3
bbj-jfi 1
dii-jfi 1
befa-jfi 1
959
1
bdhe-jfj 1
960
2
bfab-jga 1
bfcd-jga 1
961
1
ecd-jgb 1
962
3
ibd-jgc 1
babj-jgc 1
cfa-jgc 1
964
1
bcgj-jge 1
965
1
i-jgf 1
966
1
bajc-jgg 1
967
1
dfc-jgh 1
968
1
iae-jgi 1
970
3
ghd-jha 1
jia-jha 1
bea-jha 1
972
1
hei-jhc 1
973
1
gba-jhd 1
974
1
bbai-jhe 1
975
3
fch-jhf 1
bajj-jhf 1
behe-jhf 1
976
1
hde-jhg 1
977
1
bfia-jhh 1
979
1
eei-jhj 1
980
2
bje-jia 1
bded-jia 1
981
2
iac-jib 1
bjf-jib 1
982
1
igj-jic 1
983
1
bgfj-jid 1
985
1
bb-jif 1
986
1
gha-jig 1
988
1
cei-jii 1
989
1
ge-jij 1
991
2
cjc-jjb 1
hja-jjb 1
992
1
bcgb-jjc 1
994
1
bbcg-jje 1
995
1
ccf-jjf 1
998
1
hef-jji 1
999
2
baea-jjj 1
bcci-jjj 1
1000
1
fgi-baaa 1
1001
2
jeg-baab 1
efi-baab 1
1002
1
jbh-baac 1
1003
2
bbbh-baad 1
ceb-baad 1
1006
3
beja-baag 1
jci-baag 1
ffj-baag 1
1007
1
baef-baah 1
1010
3
jdf-baba 1
dfi-baba 1
ehi-baba 1
1011
1
djh-babb 1
1012
3
if-babc 1
baif-babc 1
beag-babc 1
1013
1
dfe-babd 1
1014
1
ebj-babe 1
1015
1
begj-babf 1
1016
2
beba-babg 1
bdhd-babg 1
1018
2
cdb-babi 1
baij-babi 1
1019
2
fdc-babj 1
bfib-babj 1
1020
1
igh-baca 1
1021
2
jhb-bacb 1
bgbj-bacb 1
1022
1
gdb-bacc 1
1027
1
bih-bach 1
1028
1
ejc-baci 1
1029
3
ibj-bacj 1
iha-bacj 1
bada-bacj 1
1030
3
ecj-bada 1
hej-bada 1
bbcf-bada 1
1031
2
bddf-badb 1
bdf-badb 1
1032
1
ifg-badc 1
1033
2
bcac-badd 1
gh-badd 1
1034
1
ega-bade 1
1038
1
bbdi-badi 1
1039
1
bjf-badj 1
1041
2
fd-baeb 1
bdcj-baeb 1
1042
2
hbg-baec 1
jha-baec 1
1045
1
fi-baef 1
1046
2
bcef-baeg 1
jdc-baeg 1
1048
2
bagg-baei 1
bcig-baei 1
1049
2
bbhh-baej 1
bdfj-baej 1
1050
3
jdj-bafa 1
babe-bafa 1
dgj-bafa 1
1051
2
bbbd-bafb 1
gdg-bafb 1
1052
1
hii-bafc 1
1053
1
cfa-bafd 1
1054
1
fdd-bafe 1
1055
1
bfif-baff 1
1058
1
bag-bafi 1
1059
1
hef-bafj 1
1060
1
bbag-baga 1
1061
1
fhb-bagb 1
1062
1
gie-bagc 1
1064
1
jhf-bage 1
1065
1
bede-bagf 1
1066
2
hgb-bagg 1
fcb-bagg 1
1067
4
gje-bagh 1
cde-bagh 1
eab-bagh 1
ijg-bagh 1
1068
1
bcac-bagi 1
1069
1
jhd-bagj 1
1070
2
bcgf-baha 1
bgcc-baha 1
1071
1
bgah-bahb 1
1073
3
behd-bahd 1
beij-bahd 1
dbb-bahd 1
1074
1
bcdi-bahe 1
1076
1
gjc-bahg 1
1077
3
bedg-bahh 1
bahg-bahh 1
jab-bahh 1
1078
1
ia-bahi 1
1080
1
bgg-baia 1
1082
1
bcgg-baic 1
1084
4
chg-baie 1
efc-baie 1
iaf-baie 1
bade-baie 1
1086
2
hif-baig 1
jgh-baig 1
1087
1
gcf-baih 1
1089
2
bha-baij 1
ife-baij 1
1090
2
bif-baja 1
cdh-baja 1
1091
1
bafj-bajb 1
1092
1
dhb-bajc 1
1093
1
bfjc-bajd 1
1094
2
gfi-baje 1
iej-baje 1
1095
2
bbgi-bajf 1
jcd-bajf 1
1097
1
bia-bajh 1
1098
1
baje-baji 1
1099
1
bajf-bajj 1
1100
1
bcfa-bbaa 1
1101
1
bbfc-bbab 1
1102
2
bejd-bbac 1
dce-bbac 1
1103
2
jbh-bbad 1
bbag-bbad 1
1104
2
gc-bbae 1
bcfc-bbae 1
1106
1
gff-bbag 1
1107
3
cja-bbah 1
bfjh-bbah 1
beci-bbah 1
1108
1
bhj-bbai 1
1110
3
jid-bbba 1
cgd-bbba 1
hdb-bbba 1
1113
2
bbh-bbbd 1
bgab-bbbd 1
1114
3
dhj-bbbe 1
bccj-bbbe 1
bcc-bbbe 1
1116
1
icb-bbbg 1
1117
1
bagc-bbbh 1
1118
1
bac-bbbi 1
1119
2
big-bbbj 1
bahe-bbbj 1
1120
1
jcc-bbca 1
1122
1
hbd-bbcc 1
1123
2
baii-bbcd 1
gje-bbcd 1
1124
2
iff-bbce 1
gde-bbce 1
1125
1
fhc-bbcf 1
1126
2
ccj-bbcg 1
fcg-bbcg 1
1129
1
hee-bbcj 1
1130
1
jde-bbda 1
1131
3
bfdj-bbdb 1
ifa-bbdb 1
idc-bbdb 1
1133
3
beb-bbdd 1
bci-bbdd 1
eii-bbdd 1
1134
1
jif-bbde 1
1135
1
gbi-bbdf 1
1136
1
bgdc-bbdg 1
1137
1
ghb-bbdh 1
1138
2
bcba-bbdi 1
hbh-bbdi 1
1140
2
dfh-bbea 1
df-bbea 1
1141
5
bbae-bbeb 1
ihd-bbeb 1
bbde-bbeb 1
bffc-bbeb 1
ji-bbeb 1
1142
1
bcie-bbec 1
1143
1
jc-bbed 1
1144
1
bdee-bbee 1
1145
4
fjf-bbef 1
ce-bbef 1
badd-bbef 1
fjb-bbef 1
1146
2
bgbc-bbeg 1
bcjg-bbeg 1
1147
1
eg-bbeh 1
1148
1
eif-bbei 1
1149
3
fci-bbej 1
fja-bbej 1
bcbb-bbej 1
1150
1
bacc-bbfa 1
1151
3
bdah-bbfb 1
bbgg-bbfb 1
baji-bbfb 1
1152
1
ibh-bbfc 1
1153
2
ebc-bbfd 1
eaa-bbfd 1
1154
1
bbgi-bbfe 1
1155
3
bdjd-bbff 1
hg-bbff 1
fcc-bbff 1
1156
2
bfee-bbfg 1
eee-bbfg 1
1157
2
gec-bbfh 1
bbjg-bbfh 1
1158
2
bbej-bbfi 1
bfhb-bbfi 1
1159
2
cbc-bbfj 1
ifc-bbfj 1
1160
2
jbc-bbga 1
eji-bbga 1
1161
2
hgd-bbgb 1
hi-bbgb 1
1162
1
bafa-bbgc 1
1163
1
bgag-bbgd 1
1164
2
bbff-bbge 1
eb-bbge 1
1166
1
bdai-bbgg 1
1168
2
jgi-bbgi 1
bfi-bbgi 1
1169
2
bejh-bbgj 1
eah-bbgj 1
1170
1
begi-bbha 1
1171
1
iec-bbhb 1
1172
1
cbh-bbhc 1
1173
3
bdb-bbhd 1
bced-bbhd 1
j-bbhd 1
1174
4
gfe-bbhe 1
id-bbhe 1
fh-bbhe 1
bbgb-bbhe 1
1175
2
dia-bbhf 1
bfec-bbhf 1
1177
2
beee-bbhh 1
bcjf-bbhh 1
1178
2
hgi-bbhi 1
bfge-bbhi 1
1180
2
ei-bbia 1
edb-bbia 1
1181
1
bdi-bbib 1
1182
2
befc-bbic 1
iab-bbic 1
1183
1
bbdd-bbid 1
1184
3
dee-bbie 1
bbhj-bbie 1
def-bbie 1
1185
1
dcj-bbif 1
1187
1
gc-bbih 1
1188
1
bfgf-bbii 1
1189
1
bbdf-bbij 1
1190
2
bacb-bbja 1
fec-bbja 1
1192
1
ii-bbjc 1
1194
1
cbd-bbje 1
1195
3
fcj-bbjf 1
haj-bbjf 1
jbg-bbjf 1
1196
2
bagj-bbjg 1
bbfe-bbjg 1
1197
1
bcjb-bbjh 1
1200
1
bgb-bcaa 1
1201
1
gce-bcab 1
1202
2
had-bcac 1
fa-bcac 1
1203
2
bgcb-bcad 1
bdf-bcad 1
1204
1
ibg-bcae 1
1205
2
bcda-bcaf 1
bbha-bcaf 1
1206
1
bgch-bcag 1
1207
1
eed-bcah 1
1208
1
bbcj-bcai 1
1211
3
die-bcbb 1
hag-bcbb 1
bdbj-bcbb 1
1212
3
bafj-bcbc 1
dbe-bcbc 1
ef-bcbc 1
1213
1
baca-bcbd 1
1214
1
bdd-bcbe 1
1216
3
dbh-bcbg 1
behc-bcbg 1
iea-bcbg 1
1220
3
behj-bcca 1
bdhj-bcca 1
jfe-bcca 1
1221
2
egb-bccb 1
cid-bccb 1
1223
2
behg-bccd 1
bfed-bccd 1
1224
1
iib-bcce 1
1225
1
bfhd-bccf 1
1226
1
begg-bccg 1
1228
2
hjd-bcci 1
bcae-bcci 1
1229
4
hci-bccj 1
bg-bccj 1
cfg-bccj 1
gbe-bccj 1
1230
3
dh-bcda 1
beii-bcda 1
ijd-bcda 1
1231
1
bbeb-bcdb 1
1232
2
bfga-bcdc 1
bccd-bcdc 1
1233
3
bagh-bcdd 1
bdid-bcdd 1
bbfh-bcdd 1
1234
3
beje-bcde 1
bcha-bcde 1
baji-bcde 1
1235
1
bbef-bcdf 1
1236
2
chc-bcdg 1
hjc-bcdg 1
1238
2
hee-bcdi 1
cfg-bcdi 1
1239
1
fdb-bcdj 1
1240
1
becb-bcea 1
1243
1
bcjd-bced 1
1244
3
ejh-bcee 1
ffd-bcee 1
iai-bcee 1
1245
1
fbj-bcef 1
1248
1
bci-bcei 1
1250
1
jfh-bcfa 1
1252
1
cig-bcfc 1
1253
2
beie-bcfd 1
idg-bcfd 1
1255
3
hfh-bcff 1
iie-bcff 1
begg-bcff 1
1257
1
egd-bcfh 1
1258
1
ihe-bcfi 1
1259
1
bchb-bcfj 1
1261
2
jae-bcgb 1
eai-bcgb 1
1262
1
beih-bcgc 1
1264
2
baih-bcge 1
bgh-bcge 1
1265
1
bbga-bcgf 1
1266
1
bfhf-bcgg 1
1267
1
bdjg-bcgh 1
1268
1
fca-bcgi 1
1269
1
beae-bcgj 1
1271
1
bdfj-bchb 1
1272
1
cej-bchc 1
1273
2
bdaf-bchd 1
jbd-bchd 1
1275
1
bfag-bchf 1
1276
2
bebi-bchg 1
hga-bchg 1
1277
2
bbij-bchh 1
bcjj-bchh 1
1278
1
bcdj-bchi 1
1279
1
jcd-bchj 1
1280
1
bgec-bcia 1
1281
3
dde-bcib 1
bfgd-bcib 1
bje-bcib 1
1284
1
eic-bcie 1
1286
1
fae-bcig 1
1287
1
cae-bcih 1
1288
2
jeh-bcii 1
bafh-bcii 1
1290
2
hhd-bcja 1
ica-bcja 1
1291
1
dba-bcjb 1
1292
1
bbdg-bcjc 1
1293
1
hdf-bcjd 1
1295
3
bedc-bcjf 1
bdjc-bcjf 1
dde-bcjf 1
1296
1
eii-bcjg 1
1299
2
fig-bcjj 1
bfgi-bcjj 1
1300
1
edh-bdaa 1
1301
1
iji-bdab 1
1302
1
cgb-bdac 1
1304
1
bbif-bdae 1
1305
1
ga-bdaf 1
1308
1
baij-bdai 1
1309
2
hed-bdaj 1
je-bdaj 1
1310
1
bbch-bdba 1
1316
2
bfii-bdbg 1
ddc-bdbg 1
1317
1
jhg-bdbh 1
1318
1
dbc-bdbi 1
1319
3
jfa-bdbj 1
dhe-bdbj 1
gid-bdbj 1
1320
1
fej-bdca 1
1321
1
ibj-bdcb 1
1322
1
bdhf-bdcc 1
1324
1
jfc-bdce 1
1326
1
bce-bdcg 1
1327
2
cac-bdch 1
hgc-bdch 1
1328
1
ci-bdci 1
1329
2
feb-bdcj 1
jjc-bdcj 1
1333
1
bcbf-bddd 1
1336
1
badj-bddg 1
1337
1
bffa-bddh 1
1339
3
bj-bddj 1
bbbe-bddj 1
bcaf-bddj 1
1340
1
dc-bdea 1
1341
2
jaf-bdeb 1
bdif-bdeb 1
1342
2
bfaf-bdec 1
cca-bdec 1
1343
1
befd-bded 1
1344
1
gii-bdee 1
1345
1
hbe-bdef 1
1346
1
bgfb-bdeg 1
1348
1
bccd-bdei 1
1349
1
jag-bdej 1
1350
1
hdb-bdfa 1
1351
1
ijg-bdfb 1
1352
1
hdc-bdfc 1
1353
1
bec-bdfd 1
1354
2
bfeg-bdfe 1
gdf-bdfe 1
1355
1
jga-bdff 1
1356
1
bib-bdfg 1
1357
1
bacc-bdfh 1
1358
2
jcf-bdfi 1
becc-bdfi 1
1359
2
hae-bdfj 1
bbjf-bdfj 1
1360
4
bafa-bdga 1
begc-bdga 1
ihf-bdga 1
ehh-bdga 1
1361
1
bead-bdgb 1
1362
2
eba-bdgc 1
bcbd-bdgc 1
1364
1
baej-bdge 1
1365
2
fcc-bdgf 1
bfbe-bdgf 1
1366
1
fbh-bdgg 1
1368
2
bdjb-bdgi 1
bdj-bdgi 1
1369
1
bgdi-bdgj 1
1370
1
daj-bdha 1
1371
2
hbh-bdhb 1
haf-bdhb 1
1372
2
jei-bdhc 1
bahg-bdhc 1
1373
2
bae-bdhd 1
bcbg-bdhd 1
1374
3
ecc-bdhe 1
jjj-bdhe 1
bagb-bdhe 1
1375
2
bcdh-bdhf 1
bfae-bdhf 1
1376
1
efd-bdhg 1
1377
1
bdfd-bdhh 1
1378
3
ccf-bdhi 1
ihe-bdhi 1
hb-bdhi 1
1379
1
iah-bdhj 1
1380
1
jgg-bdia 1
1381
1
bcfi-bdib 1
1383
1
beh-bdid 1
1385
1
f-bdif 1
1386
2
bajc-bdig 1
bdge-bdig 1
1388
2
fbg-bdii 1
cch-bdii 1
1390
1
bbhb-bdja 1
1391
1
bchd-bdjb 1
1392
2
ifh-bdjc 1
bfbb-bdjc 1
1393
1
eca-bdjd 1
1394
2
cge-bdje 1
bacj-bdje 1
1395
1
jig-bdjf 1
1396
1
bdef-bdjg 1
1397
1
bfdf-bdjh 1
1398
1
egb-bdji 1
1399
1
bccf-bdjj 1
1400
1
eeb-beaa 1
1403
1
bib-bead 1
1404
1
bdch-beae 1
1406
1
cci-beag 1
1407
1
bgfc-beah 1
1408
1
ida-beai 1
1409
1
dea-beaj 1
1410
1
bbf-beba 1
1411
1
bgf-bebb 1
1415
1
bbfj-bebf 1
1418
1
fad-bebi 1
1419
1
bbec-bebj 1
1420
1
jjf-beca 1
1421
1
bfbj-becb 1
1422
2
bcc-becc 1
haf-becc 1
1423
2
bbii-becd 1
fba-becd 1
1424
1
fii-bece 1
1425
1
hce-becf 1
1426
1
bagi-becg 1
1427
1
dfj-bech 1
1428
1
bbgj-beci 1
1429
1
hec-becj 1
1430
3
cbd-beda 1
bc-beda 1
bfhh-beda 1
1432
1
bfaj-bedc 1
1434
2
hf-bede 1
bbda-bede 1
1435
1
ebh-bedf 1
1436
1
jbg-bedg 1
1437
2
baha-bedh 1
bgai-bedh 1
1438
1
iib-bedi 1
1439
1
igd-bedj 1
1441
2
bbee-beeb 1
hcf-beeb 1
1442
1
jba-beec 1
1443
2
bfih-beed 1
becd-beed 1
1444
1
eff-beee 1
1445
2
hhf-beef 1
icf-beef 1
1446
2
bdeb-beeg 1
he-beeg 1
1447
1
bdgc-beeh 1
1450
2
cbc-befa 1
ebe-befa 1
1451
1
babd-befb 1
1453
2
dci-befd 1
iia-befd 1
1455
1
fid-beff 1
1456
1
bah-befg 1
1459
1
bdgc-befj 1
1460
1
gca-bega 1
1462
2
bgad-begc 1
ghf-begc 1
1463
1
bdgi-begd 1
1464
1
bdci-bege 1
1466
2
ifb-begg 1
bfai-begg 1
1467
1
eac-begh 1
1468
1
cff-begi 1
1469
1
bbfb-begj 1
1470
2
hcj-beha 1
cji-beha 1
1471
1
bfdh-behb 1
1472
1
ifa-behc 1
1474
1
bgaa-behe 1
1476
1
iei-behg 1
1477
1
bcgg-behh 1
1478
2
bjh-behi 1
bgde-behi 1
1479
1
dcd-behj 1
1480
1
ffd-beia 1
1481
1
bdaj-beib 1
1482
2
bbb-beic 1
dg-beic 1
1483
2
iai-beid 1
bdje-beid 1
1485
2
gab-beif 1
hfb-beif 1
1487
1
ijd-beih 1
1488
1
cbe-beii 1
1489
1
bah-beij 1
1491
1
bace-bejb 1
1493
1
badc-bejd 1
1494
1
baag-beje 1
1496
1
bcag-bejg 1
1497
1
bdaa-bejh 1
1498
1
dcf-beji 1
1499
1
cdg-bejj 1
1500
1
ccd-bfaa 1
1501
1
fbi-bfab 1
1504
2
bfah-bfae 1
ecc-bfae 1
1505
1
bedh-bfaf 1
1506
1
jai-bfag 1
1507
1
jbf-bfah 1
1509
1
bcjd-bfaj 1
1510
1
bdgg-bfba 1
1511
1
hda-bfbb 1
1512
1
ijd-bfbc 1
1513
2
bbjd-bfbd 1
dcg-bfbd 1
1514
1
behh-bfbe 1
1515
2
efe-bfbf 1
bdga-bfbf 1
1516
1
hih-bfbg 1
1519
1
beif-bfbj 1
1520
1
ghc-bfca 1
1521
2
gaj-bfcb 1
bbba-bfcb 1
1523
3
ggc-bfcd 1
bcdc-bfcd 1
bdbj-bfcd 1
1526
3
bfgg-bfcg 1
cjc-bfcg 1
bgdj-bfcg 1
1527
1
bafe-bfch 1
1529
2
gh-bfcj 1
dif-bfcj 1
1530
1
baai-bfda 1
1531
1
iih-bfdb 1
1534
1
jgf-bfde 1
1535
1
ddf-bfdf 1
1536
1
bdfi-bfdg 1
1537
1
bdec-bfdh 1
1538
1
fgc-bfdi 1
1539
1
bddd-bfdj 1
1541
1
ggf-bfeb 1
1542
2
bdge-bfec 1
edg-bfec 1
1543
2
iia-bfed 1
iea-bfed 1
1544
2
dae-bfee 1
fhi-bfee 1
1545
3
faa-bfef 1
bgda-bfef 1
ied-bfef 1
1546
1
dfb-bfeg 1
1547
1
fdc-bfeh 1
1550
1
iab-bffa 1
1555
1
becg-bfff 1
1556
1
gci-bffg 1
1558
1
ed-bffi 1
1559
1
eda-bffj 1
1561
2
bcfj-bfgb 1
beif-bfgb 1
1562
1
bdac-bfgc 1
1563
1
ihj-bfgd 1
1564
1
chj-bfge 1
1565
1
bgga-bfgf 1
1566
1
ec-bfgg 1
1568
1
bgej-bfgi 1
1571
1
bhg-bfhb 1
1572
1
dgd-bfhc 1
1573
1
bdgb-bfhd 1
1574
1
bfi-bfhe 1
1575
2
jjj-bfhf 1
ded-bfhf 1
1576
2
ibi-bfhg 1
bfhi-bfhg 1
1577
1
ibh-bfhh 1
1578
1
ice-bfhi 1
1579
1
bejj-bfhj 1
1580
1
df-bfia 1
1581
1
bdca-bfib 1
1582
2
igc-bfic 1
bgfg-bfic 1
1584
1
ceh-bfie 1
1585
2
caa-bfif 1
dfi-bfif 1
1587
1
cif-bfih 1
1588
1
hjg-bfii 1
1589
1
gih-bfij 1
1590
1
bie-bfja 1
1591
1
icj-bfjb 1
1592
1
bej-bfjc 1
1594
1
bfba-bfje 1
1595
1
cdg-bfjf 1
1596
1
bdej-bfjg 1
1599
1
hhg-bfjj 1
1600
1
bcdd-bgaa 1
1601
1
fga-bgab 1
1603
1
bdba-bgad 1
1604
1
bajd-bgae 1
1606
1
bed-bgag 1
1607
1
bdhi-bgah 1
1608
1
baji-bgai 1
1609
1
egb-bgaj 1
1612
1
bba-bgbc 1
1613
1
bfje-bgbd 1
1614
1
bfhe-bgbe 1
1615
1
bbfa-bgbf 1
1616
1
dff-bgbg 1
1617
2
ece-bgbh 1
bgfh-bgbh 1
1618
1
bfjc-bgbi 1
1619
1
cbj-bgbj 1
1621
1
icd-bgcb 1
1622
2
bdbe-bgcc 1
dga-bgcc 1
1625
1
cib-bgcf 1
1626
1
cba-bgcg 1
1627
1
cga-bgch 1
1628
2
hje-bgci 1
bda-bgci 1
1629
1
beeg-bgcj 1
1630
1
bcai-bgda 1
1631
1
jdd-bgdb 1
1632
1
gbb-bgdc 1
1633
2
ede-bgdd 1
bhf-bgdd 1
1634
1
beic-bgde 1
1635
1
bbia-bgdf 1
1637
1
hhh-bgdh 1
1638
2
jdi-bgdi 1
bach-bgdi 1
1639
1
jdb-bgdj 1
1640
1
bcia-bgea 1
1641
1
ega-bgeb 1
1642
2
bacg-bgec 1
djd-bgec 1
1644
1
hjf-bgee 1
1645
1
fed-bgef 1
1647
1
bece-bgeh 1
1649
1
jej-bgej 1
1650
1
bddj-bgfa 1
1652
1
bfjg-bgfc 1
1653
2
gif-bgfd 1
ddb-bgfd 1
1655
1
bcgh-bgff 1
1656
1
bce-bgfg 1
1657
1
bgbi-bgfh 1
1658
1
bie-bgfi 1
1659
1
eef-bgfj 1
1660
1
bdhi-bgga 1
1661
1
bdhg-bggb 1
