1. 0 2
2. 1 1
3. 0 3
4. 1 0
5. 0 1
6. 1 0
7. 6 0
8. 1 0
9. 110 223
10. 87 417
11. 665 0
12. 61 0
13. 720 0
14. 14 68
15. 67 363
16. 560 276
17. 147 0
18. 203 0
19. 40 140
20. 272 0
21. 564 140
22. 599 214
23. 1 10
24. 17 0
25. 367 0
26. 16 69
27. 156 0
28. 349 0
29. 739 0
30. 412 0
31. 723 0
32. 12 76
33. 353 0
34. 14 121
35. 650 26
36. 2 0
37. 161 12
38. 433 0
39. 179 0
40. 179 0
41. 120 0
42. 276 0
43. 548 1
44. 673 26
45. 338 0
46. 25 126
47. 239 0
48. 276 410
49. 242 86
50. 492 0
51. 479 9
52. 201 356
53. 579 0
54. 36 173
55. 497 0
56. 187 0
57. 263 0
58. 31 146
59. 232 0
60. 123 0
61. 494 0
62. 34 192
63. 667 111
64. 41 134
65. 477 0
66. 92 384
67. 396 0
68. 31 177
69. 218 0
70. 226 416
71. 44 148
72. 433 320
73. 692 0
74. 12 88
75. 30 189
76. 12 132
77. 633 47
78. 172 458
79. 551 0
80. 105 0
81. 889 0
82. 386 0
83. 18 116
84. 313 0
85. 13 91
86. 282 26
87. 70 189
88. 32 149
89. 12 87
90. 612 0
91. 712 78
92. 39 162
93. 744 106
94. 195 0
95. 60 291
96. 103 0
97. 18 0
98. 118 0
99. 7 0
100. 26 181
101. 129 0
102. 317 0
103. 86 0
104. 185 0
105. 34 200
106. 120 380
107. 116 0
108. 15 73
109. 982 18
110. 896 103
111. 996 3
