1. 4
2. 2
3. 1
4. 1000000000
5. 500000000
6. 1
7. 0
8. 1
9. 96
10. 251
11. 4
12. 179
13. 3456
14. 57
15. 117
16. 206
17. 98
18. 87
19. 53
20. 42
21. 146
22. 175
23. 83
24. 48
25. 160
26. 164
27. 134
28. 17
29. 13
30. 39
31. 112
32. 1037
33. 40
34. 50
35. 22
36. 3
37. 103
38. 278
39. 825
40. 86
41. 171
42. 145
43. 42
44. 758
45. 266
46. 94
47. 64
48. 109
49. 4
50. 700
51. 79
52. 10
53. 137
54. 133
55. 48
56. 47
57. 104
58. 112
59. 35
60. 124
61. 432
62. 90
63. 495
64. 67
65. 19
66. 24
67. 135
68. 135
69. 10
70. 663
71. 3884
72. 144
73. 189
74. 464
75. 424
76. 295
77. 90
78. 51
79. 16
80. 40
81. 69
82. 169
83. 152
84. 1165
85. 4
86. 233
87. 190
88. 1993
89. 141
90. 76
91. 76
92. 38
93. 155
94. 94
95. 69
96. 239
97. 121
98. 20
99. 998
100. 94
101. 88
102. 44
103. 12
104. 1241
105. 68
106. 12
107. 227
108. 274
