1. 1.00%
2. 0.20%
3. 0.02%
4. 100.00%
5. 0.00%
6. 10.00%
7. 100.00%
8. 100.00%
9. 99.99%
10. 0.00%
11. 10.00%
12. 20.00%
13. 30.00%
14. 40.00%
15. 50.00%
16. 60.00%
17. 70.00%
18. 80.00%
19. 90.00%
20. 100.00%
21. 100.00%
22. 100.00%
23. 0.00%
24. 58.95%
25. 48.00%
26. 100.00%
27. 60.00%
28. 24.12%
29. 0.00%
30. 80.00%
31. 100.00%
32. 0.00%
33. 30.00%
34. 0.03%
35. 0.01%
36. 0.00%
37. 2.00%
38. 0.00%
39. 21.39%
40. 0.14%
41. 0.02%
42. 0.00%
43. 0.00%
44. 50.00%
45. 10.00%
46. 1.89%
47. 26.61%
48. 100.00%
49. 2.21%
50. 0.00%
51. 10.02%
52. 20.00%
53. 30.00%
54. 50.00%
55. 90.00%
56. 66.40%
57. 64.10%
58. 100.00%
59. 23.88%
60. 10.10%
61. 99.20%
62. 80.00%
63. 100.00%
64. 0.00%
65. 30.55%
66. 40.00%
67. 0.12%
68. 25.20%
69. 0.00%
70. 0.00%
71. 0.00%
72. 0.02%
73. 0.00%
74. 0.00%
75. 20.00%
76. 70.00%
77. 60.00%
78. 80.00%
79. 0.00%
80. 0.00%
81. 0.00%
82. 0.00%
83. 0.00%
84. 0.00%
85. 20.00%
86. 0.00%
87. 10.67%
88. 0.00%
89. 0.00%
90. 0.00%
91. 17.50%
92. 0.00%
93. 0.00%
94. 0.00%
95. 0.00%
96. 1.03%
97. 0.00%
98. 0.00%
99. 0.75%
100. 90.00%
101. 2.06%
102. 0.00%
103. 0.00%
104. 2.97%
105. 80.00%
106. 10.00%
107. 0.00%
108. 0.00%
109. 0.00%
110. 32.96%
111. 16.00%
112. 0.14%
113. 60.00%
114. 60.00%
115. 0.00%
116. 0.00%
117. 60.00%
118. 84.00%
119. 90.00%
120. 35.40%
121. 94.80%
122. 0.90%
