2 2 2 2 2 2 2 2 2 2 
No solution
1 8 1 8 1 8 1 8 1 8 
No solution
No solution
No solution
No solution
No solution
No solution
No solution
No solution
No solution
No solution
8 1 15 10 6 3 13 12 4 5 11 14 2 7 9 
8 1 15 10 6 3 13 12 4 5 11 14 2 7 9 
8 1 15 10 6 3 13 12 4 5 11 14 2 7 9 16 
8 1 15 10 6 3 13 12 4 5 11 14 2 7 9 16 
16 9 7 2 14 11 5 4 12 13 3 6 10 15 1 8 17 
16 9 7 2 14 11 5 4 12 13 3 6 10 15 1 8 17 
No solution
No solution
No solution
No solution
No solution
No solution
No solution
No solution
No solution
No solution
2 23 13 12 4 21 15 10 6 19 17 8 1 3 22 14 11 5 20 16 9 7 18 
2 23 13 12 4 21 15 10 6 19 17 8 1 3 22 14 11 5 20 16 9 7 18 
No solution
No solution
2 23 13 12 24 25 11 14 22 3 1 8 17 19 6 10 15 21 4 5 20 16 9 7 18 
2 23 13 12 24 25 11 14 22 3 1 8 17 19 6 10 15 21 4 5 20 16 9 7 18 
2 14 22 3 13 23 26 10 6 19 17 8 1 15 21 4 12 24 25 11 5 20 16 9 7 18 
2 14 22 3 13 23 26 10 6 19 17 8 1 15 21 4 12 24 25 11 5 20 16 9 7 18 
1 8 17 19 6 3 13 12 24 25 11 14 22 27 9 16 20 5 4 21 15 10 26 23 2 7 18 
1 8 17 19 6 3 13 12 24 25 11 14 22 27 9 16 20 5 4 21 15 10 26 23 2 7 18 
1 15 10 26 23 13 3 6 19 17 8 28 21 4 12 24 25 11 5 20 16 9 27 22 14 2 7 18 
1 15 10 26 23 13 3 6 19 17 8 28 21 4 12 24 25 11 5 20 16 9 27 22 14 2 7 18 
1 24 25 11 5 4 12 13 3 6 19 17 8 28 21 15 10 26 23 2 14 22 27 9 16 20 29 7 18 
1 24 25 11 5 4 12 13 3 6 19 17 8 28 21 15 10 26 23 2 14 22 27 9 16 20 29 7 18 
1 24 25 11 5 4 12 13 3 6 30 19 17 8 28 21 15 10 26 23 2 14 22 27 9 16 20 29 7 18 
1 24 25 11 5 4 12 13 3 6 30 19 17 8 28 21 15 10 26 23 2 14 22 27 9 16 20 29 7 18 
1 15 10 6 30 19 17 8 28 21 4 5 31 18 7 29 20 16 9 27 22 3 13 12 24 25 11 14 2 23 26 
1 15 10 6 30 19 17 8 28 21 4 5 31 18 7 29 20 16 9 27 22 3 13 12 24 25 11 14 2 23 26 
1 8 28 21 4 32 17 19 30 6 3 13 12 24 25 11 5 31 18 7 29 20 16 9 27 22 14 2 23 26 10 15 
1 8 28 21 4 32 17 19 30 6 3 13 12 24 25 11 5 31 18 7 29 20 16 9 27 22 14 2 23 26 10 15 
1 8 28 21 4 32 17 19 30 6 3 13 12 24 25 11 5 20 29 7 18 31 33 16 9 27 22 14 2 23 26 10 15 
1 8 28 21 4 32 17 19 30 6 3 13 12 24 25 11 5 20 29 7 18 31 33 16 9 27 22 14 2 23 26 10 15 
1 3 6 19 30 34 2 7 18 31 33 16 9 27 22 14 11 25 24 12 13 23 26 10 15 21 28 8 17 32 4 5 20 29 
1 3 6 19 30 34 2 7 18 31 33 16 9 27 22 14 11 25 24 12 13 23 26 10 15 21 28 8 17 32 4 5 20 29 
1 3 6 19 30 34 2 7 18 31 33 16 9 27 22 14 11 25 24 12 13 23 26 10 15 21 28 8 17 32 4 5 20 29 35 
1 3 6 19 30 34 2 7 18 31 33 16 9 27 22 14 11 25 24 12 13 23 26 10 15 21 28 8 17 32 4 5 20 29 35 
1 3 6 10 26 23 2 7 18 31 33 16 9 27 22 14 35 29 20 5 11 25 24 12 13 36 28 8 17 19 30 34 15 21 4 32 
1 3 6 10 26 23 2 7 18 31 33 16 9 27 22 14 35 29 20 5 11 25 24 12 13 36 28 8 17 19 30 34 15 21 4 32 
1 3 13 36 28 8 17 32 4 21 15 34 30 19 6 10 26 23 2 7 18 31 33 16 9 27 22 14 35 29 20 5 11 25 24 12 37 
1 3 13 36 28 8 17 32 4 21 15 34 30 19 6 10 26 23 2 7 18 31 33 16 9 27 22 14 35 29 20 5 11 25 24 12 37 
1 3 6 19 30 34 2 23 13 36 28 8 17 32 4 21 15 10 26 38 11 25 24 12 37 27 22 14 35 29 20 5 31 18 7 9 16 33 
1 3 6 19 30 34 2 23 13 36 28 8 17 32 4 21 15 10 26 38 11 25 24 12 37 27 22 14 35 29 20 5 31 18 7 9 16 33 
1 3 6 19 30 34 2 7 18 31 33 16 9 27 22 14 35 29 20 5 11 38 26 23 13 36 28 8 17 32 4 21 15 10 39 25 24 12 37 
1 3 6 19 30 34 2 7 18 31 33 16 9 27 22 14 35 29 20 5 11 38 26 23 13 36 28 8 17 32 4 21 15 10 39 25 24 12 37 
1 15 21 15 34 30 34 30 34 2 7 9 40 
No solution
No solution
No solution
1 35 14 35 14 35 29 35 29 7 2 2 23 13 3 22 27 37 12 37 
13 12 4 21 15 34 30 34 30 6 43 
No solution
1 24 12 13 12 13 36 13 36 13 12 24 12 24 1 3 33 31 5 11 5 31 33 
No solution
