1. 2
2. 6
3. Not a leap year!
4. 0
5. 0
6. 0
7. 1
8. 1
9. 24
10. 24
11. 24
12. 24
13. 24
14. 25
15. 25
16. 25
17. 25
18. 2
19. Not a leap year!
20. Not a leap year!
21. Not a leap year!
22. 0
23. Not a leap year!
24. 0
25. 24
26. 97
27. 194
28. 95
29. 1
30. 1
31. 2
32. Not a leap year!
33. 25
34. 26
35. 74
36. 75
37. 98
38. 99
39. 171
40. 172
41. 195
42. 196
43. 0
44. 0
45. Not a leap year!
46. 1
47. 24
48. 25
49. 97
50. 98
51. 48
52. 49
53. 25
54. 3081
55. 61
56. 1
57. 1987
58. 1034
59. 4895
60. 6354
61. 848
62. 2565
63. 977
64. 2071
65. 379
66. 213
67. 2170
68. 469
69. 1240
70. 3809
71. 6651
72. 1361
73. 5341
74. 128
75. 249
76. 4260
77. 269
78. 2936
79. 27
80. 394
81. 701
82. 1481
83. 928
84. 3253
85. 626
86. 5159
87. 343
88. 1229
89. 6075
90. 5208
91. 3901
92. 2464
93. 285
94. 1467
95. 4577
96. 1413
97. 2592
98. 1181
99. 2449
100. 950
101. 416
102. 935
103. 1977
104. 1158
105. 4484
106. 1684
107. 2904
108. 2792
109. 1847
110. 1743
111. 4569
112. 2779
113. 860
114. 6473
115. 2940
116. 6052
117. 1587
118. 403
119. 956
120. 745
121. 5281
122. 2456
123. 214
124. 4369
125. 2941
126. 474
127. 332
128. 6178
129. 2016
130. 4888
131. 369
132. 1151
133. 5958
134. 6727
135. 527
136. 1336
137. 5305
138. 1430
139. 5920
140. 700
141. 4125
142. 2218
143. 869
144. 1941
145. 79
146. 698
147. 1564
148. 3262
149. 506
150. 2547
151. 2050
152. 1333
153. 165
154. Not a leap year!
155. 242499999999999
156. 242499997627461
157. 242499995254925
158. 242499992882387
159. 242499990509851
160. 242499988137313
161. 242499985764777
162. 242499983392239
163. 242499981019702
164. 242499978647164
165. 242499976274628
166. 242499973902090
167. 242499971529554
168. 242499969157017
169. 242499966784480
170. 242499964411942
171. 242499962039405
172. 242499959666868
173. 242499957294331
174. 242499954921794
175. 242499952549257
176. 242499950176720
177. 242499947804183
178. 242499945431645
179. Not a leap year!
180. 242499940686572
181. 242499938314036
182. 242499935941498
183. 242499933568962
184. 242499931196424
185. 242499928823887
186. 242499926451349
187. 242499924078813
188. 242499921706275
189. 242499919333739
190. 242499916961201
191. 242499914588665
192. 242499912216127
193. 242499909843590
194. 242499907471053
195. 242499905098516
196. 242499902725979
197. 242499900353442
198. 242499897980905
199. 242499895608368
200. 242499893235830
201. 242499890863293
202. 242499888490756
203. 242499886118219
204. Not a leap year!
205. 242499881373146
206. 242499879000609
207. 242499876628072
208. 242499874255534
209. 242499871882998
210. 242499869510460
211. 242499867137924
212. 242499864765386
213. 242499862392850
214. 242499860020312
215. 242499857647775
216. 242499855275237
217. 242499852902701
218. 242499850530164
219. 242499848157627
220. 242499845785090
221. 242499843412553
222. 242499841040015
223. 242499838667478
224. 242499836294941
225. 242499833922404
226. 242499831549867
227. 242499829177330
228. 242499826804793
229. Not a leap year!
230. 242499822059719
231. 242499819687183
232. 242499817314645
233. 242499814942109
234. 242499812569571
235. 242499810197035
236. 242499807824497
237. 242499805451960
238. 242499803079422
239. 242499800706886
240. 242499798334348
241. 242499795961812
242. 242499793589274
243. 242499791216738
244. 242499788844200
245. 242499786471663
246. 242499784099126
247. 242499781726589
248. 242499779354052
249. 242499776981515
250. 242499774608978
251. 242499772236441
252. 242499769863903
253. 242499767491366
254. 242499765118829
255. 242499999999999
256. 242499999999997
257. 242499999999996
258. 242499999999995
259. 242499999999994
260. 242499999999992
261. 242499999999991
262. 242499999999990
263. 242499999999989
264. 242499999999987
265. 242499999999986
266. 242499999999985
267. 242499999999984
268. 242499999999982
269. 242499999999981
270. 242499999999980
271. 242499999999979
272. 242499999999977
273. 242499999999976
274. 242499999999975
275. 242499999999974
276. 242499999999972
277. 242499999999971
278. 242499999999970
279. Not a leap year!
280. 242499999999968
281. 242499999999967
282. 242499999999966
283. 242499999999965
284. 242499999999963
285. 242499999999962
286. 242499999999961
287. 242499999999960
288. 242499999999958
289. 242499999999957
290. 242499999999956
291. 242499999999955
292. 242499999999953
293. 242499999999952
294. 242499999999951
295. 242499999999950
296. 242499999999948
297. 242499999999947
298. 242499999999946
299. 242499999999945
300. 242499999999943
301. 242499999999942
302. 242499999999941
303. 242499999999940
304. Not a leap year!
305. 242499999999938
306. 242499999999937
307. 242499999999936
308. 242499999999934
309. 242499999999933
310. 242499999999932
311. 242499999999931
312. 242499999999929
313. 242499999999928
314. 242499999999927
315. 242499999999926
316. 242499999999924
317. 242499999999923
318. 242499999999922
319. 242499999999921
320. 242499999999919
321. 242499999999918
322. 242499999999917
323. 242499999999916
324. 242499999999914
325. 242499999999913
326. 242499999999912
327. 242499999999911
328. 242499999999909
329. Not a leap year!
330. 242499999999908
331. 242499999999907
332. 242499999999905
333. 242499999999904
334. 242499999999903
335. 242499999999902
336. 242499999999900
337. 242499999999899
338. 242499999999898
339. 242499999999897
340. 242499999999895
341. 242499999999894
342. 242499999999893
343. 242499999999892
344. 242499999999890
345. 242499999999889
346. 242499999999888
347. 242499999999887
348. 242499999999885
349. 242499999999884
350. 242499999999883
351. 242499999999882
352. 242499999999880
353. 242499999999879
354. 242499999999878
