1. 1
2. 1
3. 4
4. 3
5. 4
6. 4
7. 3
8. 4
9. 4
10. 5
11. 3
12. 4
13. 4
14. 5
15. 4
16. 1
17. 4
18. 4
19. 6
20. 6
21. 5
22. 2
23. 4
24. 6
25. 4
26. 3
27. 6
28. 1
29. 1
30. 6
31. 4
32. 3
33. 5
34. 6
35. 7
36. 6
37. 4
38. 4
39. 4
40. 1
41. 5
42. 5
43. 5
44. 4
45. 4
46. 2
47. 5
48. 2
49. 5
50. 4
51. 7
52. 4
53. 7
54. 1
55. 4
56. 7
57. 1
58. 7
59. 7
60. 8
61. 8
62. 1
63. 3
64. 9
65. 8
66. 7
67. 10
68. 1
69. 12
70. 7
71. 12
72. 2
73. 4
74. 9
75. 1
76. 2
77. 11
78. 8
79. 5
80. 9
81. 1
82. 9
83. 10
84. 12
85. 3
86. 8
87. 11
88. 5
89. 14
90. 3
91. 4
92. 2
93. 5
94. 11
95. 11
96. 8
97. 4
98. 9
99. 7
100. 9
101. 9
102. 7
103. 4
104. 10
105. 7
106. 5
107. 5
108. 6
109. 493
110. 429
111. 1063
112. 1017
113. 768
114. 1367
115. 1117
116. 458
117. 910
118. 592
119. 591
120. 354
121. 582
122. 532
123. 24
124. 119
125. 660
126. 1331
127. 981
128. 832
129. 331
130. 697
131. 1339
132. 140
133. 753
134. 76
135. 1137
136. 503
137. 1007
138. 214
139. 1504
140. 779
141. 465
142. 70
143. 288
144. 179
145. 331
146. 220
147. 1418
148. 648
149. 1021
150. 129
151. 46
152. 1087
153. 280
154. 576
155. 958
156. 1091
157. 949
158. 86
159. 14500
160. 100000
161. 2
162. 20061
