1. 200.00
2. 200.00
3. 100.00
4. 0.00
5. 50.00
6. 10000000000.00
7. 0.00
8. 0.00
9. 0.00
10. 0.00
11. 0.00
12. 0.00
13. 0.00
14. 0.00
15. 45306.00
16. 0.00
17. 0.00
18. 0.00
19. 0.00
20. 0.00
21. 0.00
22. 89300.00
23. 79135.00
24. 53108.00
25. 0.00
26. 0.00
27. 0.00
28. 780.00
29. 0.00
30. 129294.00
31. 0.00
32. 0.00
33. 0.00
34. 0.00
35. 0.00
36. 0.00
37. 0.00
38. 0.00
39. 38148.00
40. 2470.00
41. 0.00
42. 0.00
43. 0.00
44. 11918.00
45. 23975.00
46. 92565.00
47. 0.00
48. 0.00
49. 0.00
50. 0.00
51. 0.00
52. 0.00
53. 0.00
54. 0.00
55. 6075.00
56. 0.00
57. 0.00
58. 0.00
59. 0.00
60. 7199.00
61. 0.00
62. 0.00
63. 41646.00
64. 0.00
65. 0.00
66. 0.00
67. 0.00
68. 0.00
69. 0.00
70. 0.00
71. 0.00
72. 0.00
73. 0.00
74. 0.00
75. 0.00
76. 0.00
77. 30320.00
78. 13920.00
79. 83850.00
80. 0.00
81. 0.00
82. 0.00
83. 114291.00
84. 0.00
85. 33756.00
86. 36080.00
87. 0.00
88. 0.00
89. 0.00
90. 0.00
91. 0.00
92. 0.00
93. 0.00
94. 0.00
95. 0.00
96. 0.00
97. 35966.00
98. 0.00
99. 0.00
100. 55800.00
101. 3240.00
102. 0.00
103. 13754.00
104. 0.00
105. 0.00
106. 0.00
107. 1048742258.00
108. 1420106534.00
109. 1763063280.00
110. 2219056308.00
111. 1186111228.00
112. 1861640794.00
113. 271545544.00
114. 1125562566.00
115. 660815829.00
116. 1443312308.00
117. 1409279271.00
118. 981014221.00
119. 1272264693.00
120. 829097664.00
121. 3711395232.00
122. 1462768827.00
123. 731275832.00
124. 714104840.00
125. 169539470.00
126. 3294451120.00
127. 693555309.00
128. 1571586046.00
129. 3379055550.00
130. 1703464706.00
131. 3318212420.00
132. 406517272.00
133. 193895328.00
134. 1479111576.00
135. 386154195.00
136. 310582800.00
137. 584408412.00
138. 57223800.00
139. 2252168196.00
140. 1300217595.00
141. 1000521280.00
142. 845351416.00
143. 1044552969.00
144. 393894936.00
145. 202842945.00
146. 154362840.00
147. 8412464.00
148. 2148021294.00
149. 575057709.00
150. 456291000.00
151. 117563208.00
152. 602223793.00
153. 3351033026.00
154. 1657252792.00
155. 919443687.00
156. 1731734550.00
157. 579866.00
158. 590695617.00
159. 1282501224.00
160. 3769627345.00
161. 2039106468.00
162. 486537300.00
163. 566101578.00
164. 328593852.00
165. 674313430.00
166. 3094892006.00
167. 2771458218.00
168. 783607190.00
169. 935643324.00
170. 4918386.00
171. 161274954.00
172. 3861422361.00
173. 161644874.00
174. 487740120.00
175. 1030794726.00
176. 793841454.00
177. 3587665746.00
178. 277997610.00
179. 484268382.00
180. 2313824275.00
181. 2993891136.00
182. 2290818364.00
183. 73540992.00
184. 27398568.00
185. 1996806695.00
186. 1655766332.00
187. 2542834080.00
188. 885107016.00
189. 282441250.00
190. 1432280412.00
191. 983209648.00
192. 1208627730.00
193. 604989276.00
194. 473924360.00
195. 3013754730.00
196. 161820672.00
197. 264852099.00
198. 676451364.00
199. 3571339464.00
200. 76853378.00
201. 1227951000.00
202. 150731616.00
203. 94772997.00
204. 1067393778.00
205. 19147470.00
206. 1247017680.00
