1. No
2. No
3. No
4. Yes
5. No
6. No
7. Yes
8. No
9. No
10. No
11. No
12. No
13. No
14. Yes
15. No
16. No
17. Yes
18. Yes
19. No
20. No
21. No
22. Yes
23. No
24. No
25. No
26. No
27. No
28. No
29. No
30. No
31. No
32. No
33. No
34. No
35. No
36. No
37. No
38. No
39. Yes
40. No
41. No
42. No
43. Yes
44. No
45. No
46. Yes
47. No
48. No
49. No
50. No
51. Yes
52. No
53. No
54. No
55. No
56. No
57. No
58. No
59. No
60. No
61. No
62. No
63. No
64. Yes
65. No
66. Yes
67. No
68. No
69. No
70. No
71. No
72. No
73. Yes
74. No
75. No
76. No
77. No
78. Yes
79. No
80. No
81. Yes
82. No
83. Yes
84. No
85. No
86. No
87. No
88. No
89. No
90. No
91. No
92. No
93. No
94. No
95. No
96. No
97. No
98. No
99. No
100. No
