1. 12
2. 18
3. 6
4. 5999994
5. 5999988
6. 129714
7. 181200
8. 189744
9. 180384
10. 118470
11. 9612
12. 62892
13. 163722
14. 68718
15. 6864
16. 111264
17. 162828
18. 24636
19. 104682
20. 52056
21. 31278
22. 166020
23. 50592
24. 76812
25. 7452
26. 189450
27. 11154
28. 49182
29. 98466
30. 1494
31. 188034
32. 91584
33. 15852
34. 132810
35. 91842
36. 35664
37. 160746
38. 183414
39. 183402
40. 28128
41. 125724
42. 196014
43. 39396
44. 160158
45. 126198
46. 121968
47. 77316
48. 35682
49. 59064
50. 114036
51. 13728
52. 78858
53. 28602
54. 152838
55. 107694
56. 187674
57. 183120
58. 168330
59. 132828
60. 89844
61. 163350
62. 146298
63. 163728
64. 153774
65. 134880
66. 4830
67. 86448
68. 129300
69. 166644
70. 107064
71. 149118
72. 76188
73. 124398
74. 32514
75. 52326
76. 168570
77. 183588
78. 12210
79. 75006
80. 94284
81. 1638
82. 93984
83. 162450
84. 45954
85. 193134
86. 66948
87. 79188
88. 90342
89. 19122
90. 126702
91. 92142
92. 109554
93. 45732
94. 1872
95. 174978
96. 49782
97. 144564
98. 62418
99. 148338
100. 115164
101. 17028
102. 164328
103. 122940
104. 52698
105. 86220
