1. 11
2. 10
3. 40
4. 400
5. 300
6. 300
7. 500
8. 400
9. 400
10. 300
11. 500
12. 500
13. 399
14. 4
15. 3
16. 3
17. 5
18. 4
19. 4
20. 3
21. 5
22. 5
23. 4
24. 102
25. 141
26. 39
27. 103
28. 12
29. 168
30. 93
31. 172
32. 21
33. 128
34. 68
35. 155
36. 183
37. 152
38. 87
39. 26
40. 71
41. 164
42. 67
43. 74
44. 112
45. 16
46. 129
47. 50
48. 57
49. 83
50. 159
51. 187
52. 69
53. 100
54. 32
55. 144
56. 110
57. 150
58. 184
59. 179
60. 19
61. 192
62. 62
63. 148
64. 77
65. 204
66. 73
67. 194
68. 27
69. 205
70. 16
71. 51
72. 22
73. 133
74. 31
75. 149
76. 54
77. 36
78. 201
79. 97
80. 108
81. 124
82. 114
83. 122
84. 196
85. 84
86. 199
87. 25
88. 160
89. 123
90. 166
91. 148
92. 15
93. 20
94. 93
95. 112
96. 146
97. 191
98. 14
99. 81
100. 129
101. 9
102. 87
103. 157
104. 203
105. 124
106. 46
107. 159
108. 37
109. 193
110. 175
111. 113
112. 202
113. 191
114. 27
115. 16
116. 46
117. 150
118. 183
119. 167
120. 79
121. 145
122. 90
123. 37
