1. 0
2. 1
3. 2
4. 3
5. 4
6. 5
7. 6
8. 7
9. 8
10. 9
11. 10
12. 11
13. 12
14. 13
15. 14
16. 15
17. 16
18. 17
19. 18
20. 19
21. 20
22. 21
23. 22
24. 23
25. 24
26. 25
27. 26
28. 27
29. 28
30. 29
31. 30
32. 31
33. 32
34. 33
35. 34
36. 35
37. 36
38. 37
39. 38
40. 39
41. 40
42. 41
43. 42
44. 43
45. 44
46. 45
47. 46
48. 47
49. 48
50. 49
51. 50
52. 51
53. 52
54. 53
55. 54
56. 55
57. 56
58. 57
59. 58
60. 59
61. 60
62. 61
63. 62
64. 63
65. 64
66. 65
67. 66
68. 67
69. 68
70. 69
71. 70
72. 71
73. 72
74. 73
75. 74
76. 75
77. 76
78. 77
79. 78
80. 79
81. 80
82. 81
83. 82
84. 83
85. 84
86. 85
87. 86
88. 87
89. 88
90. 89
91. 90
92. 91
93. 92
94. 93
95. 94
96. 95
97. 96
98. 97
99. 98
100. 99
101. 100
102. 101
103. 102
104. 103
105. 104
106. 105
107. 106
108. 107
109. 108
110. 109
111. 110
112. 111
113. 112
114. 113
115. 114
116. 115
117. 116
118. 117
119. 118
120. 119
121. 120
122. 121
123. 122
124. 123
125. 124
126. 125
127. 126
128. 127
129. 128
130. 129
131. 130
132. 131
133. 132
134. 133
135. 134
136. 135
137. 136
138. 137
139. 138
140. 139
141. 140
142. 141
143. 142
144. 143
145. 144
146. 145
147. 146
148. 147
149. 148
150. 149
151. 150
152. 151
153. 152
154. 153
155. 154
156. 155
157. 156
158. 157
159. 158
160. 159
161. 160
162. 161
163. 162
164. 163
165. 164
166. 165
167. 166
168. 167
169. 168
170. 169
171. 170
172. 171
173. 172
174. 173
175. 174
176. 175
177. 176
178. 177
179. 178
180. 179
181. 180
182. 181
183. 182
184. 183
185. 184
186. 185
187. 186
188. 187
189. 188
190. 189
191. 190
192. 191
193. 192
194. 193
195. 194
196. 195
197. 196
198. 197
199. 198
200. 199
201. 200
202. 201
203. 202
204. 203
205. 204
206. 205
207. 206
208. 207
209. 208
210. 209
211. 210
212. 211
213. 212
214. 213
215. 214
216. 215
217. 216
218. 217
219. 218
220. 219
221. 220
222. 221
223. 222
224. 223
225. 224
226. 225
227. 226
228. 227
229. 228
230. 229
231. 230
232. 231
233. 232
234. 233
235. 234
236. 235
237. 236
238. 237
239. 238
240. 239
241. 240
242. 241
243. 242
244. 243
245. 244
246. 245
247. 246
248. 247
249. 248
250. 249
251. 250
252. 251
253. 252
254. 253
255. 254
256. 255
257. 256
258. 257
259. 258
260. 259
261. 260
262. 261
263. 262
264. 263
265. 264
266. 265
267. 266
268. 267
269. 268
270. 269
271. 270
272. 271
273. 272
274. 273
275. 274
276. 275
277. 276
278. 277
279. 278
280. 279
281. 280
282. 281
283. 282
284. 283
285. 284
286. 285
287. 286
288. 287
289. 288
290. 289
291. 290
292. 291
293. 292
294. 293
295. 294
296. 295
297. 296
298. 297
299. 298
300. 299
301. 300
302. 301
303. 302
304. 303
305. 304
306. 305
307. 306
308. 307
309. 308
310. 309
311. 310
312. 311
313. 312
314. 313
315. 314
316. 315
317. 316
318. 317
319. 318
320. 319
321. 320
322. 321
323. 322
324. 323
325. 324
326. 325
327. 326
328. 327
329. 328
330. 329
331. 330
332. 331
333. 332
334. 333
335. 334
336. 335
337. 336
338. 337
339. 338
340. 339
341. 340
342. 341
343. 342
344. 343
345. 344
346. 345
347. 346
348. 347
349. 348
350. 349
351. 350
352. 351
353. 352
354. 353
355. 354
356. 355
357. 356
358. 357
359. 358
360. 359
361. 360
362. 361
363. 362
364. 363
365. 364
366. 365
367. 366
368. 367
369. 368
370. 369
371. 370
372. 371
373. 372
374. 373
375. 374
376. 375
377. 376
378. 377
379. 378
380. 379
381. 380
382. 381
383. 382
384. 383
385. 384
386. 385
387. 386
388. 387
389. 388
390. 389
391. 390
392. 391
393. 392
394. 393
395. 394
396. 395
397. 396
398. 397
399. 398
400. 399
401. 400
402. 401
403. 402
404. 403
405. 404
406. 405
407. 406
408. 407
409. 408
410. 409
411. 410
412. 411
413. 412
414. 413
415. 414
416. 415
417. 416
418. 417
419. 418
420. 419
421. 420
422. 421
423. 422
424. 423
425. 424
426. 425
427. 426
428. 427
429. 428
430. 429
431. 430
432. 431
433. 432
434. 433
435. 434
436. 435
437. 436
438. 437
439. 438
440. 439
441. 440
442. 441
443. 442
444. 443
445. 444
446. 445
447. 446
448. 447
449. 448
450. 449
451. 450
452. 451
453. 452
454. 453
455. 454
456. 455
457. 456
458. 457
459. 458
460. 459
461. 460
462. 461
463. 462
464. 463
465. 464
466. 465
467. 466
468. 467
469. 468
470. 469
471. 470
472. 471
473. 472
474. 473
475. 474
476. 475
477. 476
478. 477
479. 478
480. 479
481. 480
482. 481
483. 482
484. 483
485. 484
486. 485
487. 486
488. 487
489. 488
490. 489
491. 490
492. 491
493. 492
494. 493
495. 494
496. 495
497. 496
498. 497
499. 498
500. 499
501. 31682
502. 12118
503. 30496
504. 10847
505. 6718
506. 29051
507. 27690
508. 23576
509. 2251
510. 30704
511. 19123
512. 12802
513. 23739
514. 31827
515. 14645
516. 32448
517. 3066
518. 4974
519. 21919
520. 5011
521. 24979
522. 24494
523. 28153
524. 9840
525. 7029
526. 18391
527. 11338
528. 24150
529. 5496
530. 1527
531. 14778
532. 31198
533. 9627
534. 8857
535. 7412
536. 17428
537. 3471
538. 12346
539. 22478
540. 19333
541. 9594
542. 23297
543. 2092
544. 3993
545. 9205
546. 8362
547. 4129
548. 6179
549. 10070
550. 17604
551. 2392
552. 11063
553. 25653
554. 21788
555. 1971
556. 5436
557. 7465
558. 21113
559. 28465
560. 14145
561. 18387
562. 20873
563. 24853
564. 20373
565. 798
566. 10268
567. 1093
568. 12433
569. 17092
570. 31376
571. 11504
572. 22969
573. 21525
574. 15756
575. 10099
576. 9988
577. 8180
578. 32754
579. 10878
580. 2679
581. 20002
582. 4366
583. 13426
584. 1016
585. 11711
586. 22292
587. 22542
588. 19298
589. 1805
590. 27081
591. 15435
592. 24789
593. 14968
594. 17792
595. 21380
596. 30544
597. 20691
598. 10824
599. 3546
600. 28033
601. 24805
602. 31588
603. 2775
604. 18651
605. 28196
606. 13051
607. 3666
608. 26346
609. 9408
610. 15889
611. 15506
612. 22755
613. 5859
614. 21686
615. 25014
616. 7552
617. 24376
618. 8829
619. 18515
620. 11530
621. 19626
622. 21296
623. 25440
624. 2999
625. 31598
626. 22466
627. 20303
628. 22071
629. 32579
630. 30597
631. 28285
632. 31882
633. 760
634. 413
635. 9420
636. 7956
637. 303
638. 12981
639. 30350
640. 16883
641. 31330
642. 8945
643. 3750
644. 19088
645. 19491
646. 20515
647. 28649
648. 31604
649. 3496
650. 6209
651. 21963
652. 25182
653. 5510
654. 14359
655. 2103
656. 27794
657. 3261
658. 8761
659. 9918
660. 5491
661. 13045
662. 16956
663. 12020
664. 25428
665. 14343
666. 37
667. 16919
668. 9868
669. 20159
670. 6178
671. 28146
672. 11976
673. 23777
674. 6776
675. 32001
676. 27302
677. 27753
678. 10173
679. 4566
680. 9599
681. 16919
682. 15687
683. 4539
684. 22403
685. 15659
686. 9700
687. 8857
688. 15372
689. 25710
690. 25291
691. 16409
692. 8748
693. 17521
694. 8403
695. 11272
696. 11144
697. 793
698. 3555
699. 15872
700. 28010
701. 19547
702. 8874
703. 22085
704. 10257
705. 31813
706. 13456
707. 30701
708. 2124
709. 10814
710. 25580
711. 20036
712. 10055
713. 31118
714. 14967
715. 8558
716. 15524
717. 21281
718. 3585
719. 32334
720. 14029
721. 27783
722. 31586
723. 5543
724. 11657
725. 16448
726. 3508
727. 5761
728. 25294
729. 23351
730. 26047
731. 1999
732. 17879
733. 9100
734. 30133
735. 25934
736. 11381
737. 31894
738. 9504
739. 944
740. 13994
741. 27689
742. 28952
743. 32762
744. 4212
745. 9492
746. 23737
747. 15915
748. 1511
749. 6894
750. 17876
751. 15134
752. 7550
753. 787
754. 29157
755. 13745
756. 11443
757. 26345
758. 26437
759. 29479
760. 6861
761. 11112
762. 26273
763. 8907
764. 17914
765. 12761
766. 6315
767. 9430
768. 16029
769. 30173
770. 17423
771. 14483
772. 19689
773. 19634
774. 8105
775. 21953
776. 29871
777. 10674
778. 5365
779. 13625
780. 27508
781. 3100
782. 1735
783. 19665
784. 13511
785. 31255
786. 28732
787. 17023
788. 22738
789. 11508
790. 28656
791. 6850
792. 26926
793. 21172
794. 4977
795. 9789
796. 18428
797. 2250
798. 30452
799. 29349
800. 25905
801. 29730
802. 3399
803. 17118
804. 26161
805. 6753
806. 9223
807. 21089
808. 27552
809. 24687
810. 30739
811. 26593
812. 26996
813. 21043
814. 28224
815. 31534
816. 17743
817. 6045
818. 17487
819. 29273
820. 12045
821. 15082
822. 19996
823. 14873
824. 26520
825. 9251
826. 4887
827. 15725
828. 27140
829. 28135
830. 24568
831. 131
832. 10968
833. 30571
834. 8367
835. 25305
836. 25001
837. 22463
838. 5786
839. 19618
840. 4334
841. 5715
842. 16123
843. 19307
844. 16399
845. 19641
846. 32169
847. 25086
848. 7103
849. 5548
850. 24582
851. 3975
852. 28812
853. 27986
854. 3120
855. 20981
856. 13236
857. 26302
858. 12412
859. 10147
860. 3643
861. 23225
862. 1824
863. 21560
864. 7738
865. 29634
866. 16943
867. 27852
868. 25210
869. 15187
870. 29643
871. 28492
872. 1089
873. 3174
874. 18070
875. 26911
876. 29548
877. 3896
878. 6761
879. 28937
880. 2238
881. 8781
882. 22857
883. 30800
884. 8824
885. 21684
886. 6294
887. 14110
888. 28458
889. 21900
890. 23174
891. 14375
892. 23240
893. 31943
894. 978
895. 18315
896. 20992
897. 20782
898. 22959
899. 18686
900. 20427
901. 12197
902. 7168
903. 14630
904. 26947
905. 30641
906. 4042
907. 24132
908. 19380
909. 24887
910. 3560
911. 27671
912. 24821
913. 24455
914. 27136
915. 7934
916. 3577
917. 13720
918. 17845
919. 4700
920. 16289
921. 8085
922. 9246
923. 22080
924. 14804
925. 13721
926. 20855
927. 2118
928. 23762
929. 27576
930. 29463
931. 29624
932. 21701
933. 21310
934. 21410
935. 31993
936. 26522
937. 315
938. 16256
939. 23588
940. 21774
941. 15935
942. 1422
943. 27376
944. 32012
945. 25442
946. 28691
947. 2519
948. 16438
949. 2183
950. 18933
951. 24695
952. 20162
953. 26594
954. 17453
955. 32056
956. 22919
957. 6840
958. 20344
959. 6191
960. 22871
961. 4966
962. 15951
963. 32066
964. 24720
965. 30885
966. 17178
967. 24973
968. 10990
969. 17932
970. 7841
971. 10245
972. 24483
973. 21975
974. 4803
975. 22875
976. 14762
977. 14310
978. 28010
979. 21284
980. 2648
981. 31241
982. 16318
983. 29238
984. 18996
985. 17786
986. 5529
987. 15445
988. 11272
989. 30123
990. 16699
991. 19727
992. 26168
993. 3138
994. 3904
995. 2532
996. 9811
997. 9826
998. 30415
999. 25002
1000. 25320
1001. 999999999
1002. 999999998
1003. 999999997
1004. 999999996
1005. 999999995
1006. 999999994
1007. 999999993
1008. 999999992
1009. 999999991
1010. 999999990
